<?xml version="1.0" encoding="UTF-8"?>
<robot generator="Robot 7.4.1 (Python 3.10.8 on win32)" generated="2026-03-17T15:11:53.307256" rpa="false" schemaversion="5">
<suite id="s1" name="Test TC3" source="C:\PaiNamNaeWebApp\Sprint3\code\test\Test TC3.robot">
<test id="s1-t1" name="TC3 Driver Create Route Successfully" line="29">
<kw name="Open Browser" owner="SeleniumLibrary">
<msg time="2026-03-17T15:11:53.470421" level="INFO">Opening browser 'chrome' to base url 'https://csse4569.cpkku.com/'.</msg>
<arg>${URL}</arg>
<arg>${BROWSER}</arg>
<doc>Opens a new browser instance to the optional ``url``.</doc>
<status status="PASS" start="2026-03-17T15:11:53.470421" elapsed="1.496734"/>
</kw>
<kw name="Maximize Browser Window" owner="SeleniumLibrary">
<doc>Maximizes current browser window.</doc>
<status status="PASS" start="2026-03-17T15:11:54.967155" elapsed="0.166858"/>
</kw>
<kw name="Set Selenium Speed" owner="SeleniumLibrary">
<arg>0.2s</arg>
<doc>Sets the delay that is waited after each Selenium command.</doc>
<status status="PASS" start="2026-03-17T15:11:55.135083" elapsed="0.000000"/>
</kw>
<kw name="Wait Until Element Is Visible" owner="SeleniumLibrary">
<arg>xpath=//a[@href='/login' or contains(.,'เข้าสู่ระบบ')]</arg>
<arg>10s</arg>
<doc>Waits until the element ``locator`` is visible.</doc>
<status status="PASS" start="2026-03-17T15:11:55.135083" elapsed="0.480718"/>
</kw>
<kw name="Click Element" owner="SeleniumLibrary">
<msg time="2026-03-17T15:11:55.615801" level="INFO">Clicking element 'xpath=//a[@href='/login' or contains(.,'เข้าสู่ระบบ')]'.</msg>
<arg>xpath=//a[@href='/login' or contains(.,'เข้าสู่ระบบ')]</arg>
<doc>Click the element identified by ``locator``.</doc>
<status status="PASS" start="2026-03-17T15:11:55.615801" elapsed="0.505775"/>
</kw>
<kw name="Wait Until Element Is Visible" owner="SeleniumLibrary">
<arg>id=identifier</arg>
<arg>10s</arg>
<doc>Waits until the element ``locator`` is visible.</doc>
<status status="PASS" start="2026-03-17T15:11:56.122679" elapsed="0.449154"/>
</kw>
<kw name="Input Text" owner="SeleniumLibrary">
<msg time="2026-03-17T15:11:56.571833" level="INFO">Typing text 'sitananyjjk13@gmail.com' into text field 'id=identifier'.</msg>
<arg>id=identifier</arg>
<arg>${DRIVER_EMAIL}</arg>
<doc>Types the given ``text`` into the text field identified by ``locator``.</doc>
<status status="PASS" start="2026-03-17T15:11:56.571833" elapsed="0.792913"/>
</kw>
<kw name="Input Text" owner="SeleniumLibrary">
<msg time="2026-03-17T15:11:57.366192" level="INFO">Typing text 'Ching13082547' into text field 'id=password'.</msg>
<arg>id=password</arg>
<arg>${DRIVER_PASS}</arg>
<doc>Types the given ``text`` into the text field identified by ``locator``.</doc>
<status status="PASS" start="2026-03-17T15:11:57.366192" elapsed="0.697030"/>
</kw>
<kw name="Click Button" owner="SeleniumLibrary">
<msg time="2026-03-17T15:11:58.063222" level="INFO">Clicking button 'xpath=//form[@id='loginForm']//button[@type='submit']'.</msg>
<arg>xpath=//form[@id='loginForm']//button[@type='submit']</arg>
<doc>Clicks the button identified by ``locator``.</doc>
<status status="PASS" start="2026-03-17T15:11:58.063222" elapsed="1.127036"/>
</kw>
<kw name="Wait Until Page Contains Element" owner="SeleniumLibrary">
<arg>xpath=//a[@href='/createTrip' and contains(.,'สร้างเส้นทาง')]</arg>
<arg>10s</arg>
<doc>Waits until the element ``locator`` appears on the current page.</doc>
<status status="PASS" start="2026-03-17T15:11:59.190258" elapsed="0.643667"/>
</kw>
<kw name="Click Element" owner="SeleniumLibrary">
<msg time="2026-03-17T15:11:59.833925" level="INFO">Clicking element 'xpath=//a[@href='/createTrip' and contains(.,'สร้างเส้นทาง')]'.</msg>
<arg>xpath=//a[@href='/createTrip' and contains(.,'สร้างเส้นทาง')]</arg>
<doc>Click the element identified by ``locator``.</doc>
<status status="PASS" start="2026-03-17T15:11:59.833925" elapsed="0.521935"/>
</kw>
<kw name="Wait Until Element Is Visible" owner="SeleniumLibrary">
<arg>id=startPoint</arg>
<arg>10s</arg>
<doc>Waits until the element ``locator`` is visible.</doc>
<status status="PASS" start="2026-03-17T15:12:00.356858" elapsed="0.443800"/>
</kw>
<kw name="Input Text" owner="SeleniumLibrary">
<msg time="2026-03-17T15:12:00.800658" level="INFO">Typing text 'ขอนแก่น' into text field 'id=startPoint'.</msg>
<arg>id=startPoint</arg>
<arg>ขอนแก่น</arg>
<doc>Types the given ``text`` into the text field identified by ``locator``.</doc>
<status status="PASS" start="2026-03-17T15:12:00.800658" elapsed="0.729863"/>
</kw>
<kw name="Run Keyword And Ignore Error" owner="BuiltIn">
<kw name="Wait Until Element Is Visible" owner="SeleniumLibrary">
<arg>xpath=(//div[contains(@class,'pac-item')])[1]</arg>
<arg>3s</arg>
<doc>Waits until the element ``locator`` is visible.</doc>
<status status="PASS" start="2026-03-17T15:12:01.530521" elapsed="1.320894"/>
</kw>
<arg>Wait Until Element Is Visible</arg>
<arg>xpath=(//div[contains(@class,'pac-item')])[1]</arg>
<arg>3s</arg>
<doc>Runs the given keyword with the given arguments and ignores possible error.</doc>
<status status="PASS" start="2026-03-17T15:12:01.530521" elapsed="1.320894"/>
</kw>
<kw name="Run Keyword And Ignore Error" owner="BuiltIn">
<kw name="Click Element" owner="SeleniumLibrary">
<msg time="2026-03-17T15:12:02.851415" level="INFO">Clicking element 'xpath=(//div[contains(@class,'pac-item')])[1]'.</msg>
<arg>xpath=(//div[contains(@class,'pac-item')])[1]</arg>
<doc>Click the element identified by ``locator``.</doc>
<status status="PASS" start="2026-03-17T15:12:02.851415" elapsed="0.472268"/>
</kw>
<arg>Click Element</arg>
<arg>xpath=(//div[contains(@class,'pac-item')])[1]</arg>
<doc>Runs the given keyword with the given arguments and ignores possible error.</doc>
<status status="PASS" start="2026-03-17T15:12:02.851415" elapsed="0.472268"/>
</kw>
<kw name="Press Keys" owner="SeleniumLibrary">
<msg time="2026-03-17T15:12:03.325188" level="INFO">Sending key(s) ('TAB',) to id=startPoint element.</msg>
<msg time="2026-03-17T15:12:04.065117" level="INFO">Pressing special key TAB to element.</msg>
<msg time="2026-03-17T15:12:04.065117" level="INFO">Releasing special key TAB.</msg>
<arg>id=startPoint</arg>
<arg>TAB</arg>
<doc>Simulates the user pressing key(s) to an element or on the active browser.</doc>
<status status="PASS" start="2026-03-17T15:12:03.325188" elapsed="0.955663"/>
</kw>
<kw name="Input Text" owner="SeleniumLibrary">
<msg time="2026-03-17T15:12:04.280851" level="INFO">Typing text 'โคราช' into text field 'id=endPoint'.</msg>
<arg>id=endPoint</arg>
<arg>โคราช</arg>
<doc>Types the given ``text`` into the text field identified by ``locator``.</doc>
<status status="PASS" start="2026-03-17T15:12:04.280851" elapsed="0.720725"/>
</kw>
<kw name="Run Keyword And Ignore Error" owner="BuiltIn">
<kw name="Wait Until Element Is Visible" owner="SeleniumLibrary">
<arg>xpath=(//div[contains(@class,'pac-item')])[1]</arg>
<arg>3s</arg>
<doc>Waits until the element ``locator`` is visible.</doc>
<status status="PASS" start="2026-03-17T15:12:05.005112" elapsed="0.431282"/>
</kw>
<arg>Wait Until Element Is Visible</arg>
<arg>xpath=(//div[contains(@class,'pac-item')])[1]</arg>
<arg>3s</arg>
<doc>Runs the given keyword with the given arguments and ignores possible error.</doc>
<status status="PASS" start="2026-03-17T15:12:05.005112" elapsed="0.432111"/>
</kw>
<kw name="Run Keyword And Ignore Error" owner="BuiltIn">
<kw name="Click Element" owner="SeleniumLibrary">
<msg time="2026-03-17T15:12:05.437223" level="INFO">Clicking element 'xpath=(//div[contains(@class,'pac-item')])[1]'.</msg>
<arg>xpath=(//div[contains(@class,'pac-item')])[1]</arg>
<doc>Click the element identified by ``locator``.</doc>
<status status="PASS" start="2026-03-17T15:12:05.437223" elapsed="0.477419"/>
</kw>
<arg>Click Element</arg>
<arg>xpath=(//div[contains(@class,'pac-item')])[1]</arg>
<doc>Runs the given keyword with the given arguments and ignores possible error.</doc>
<status status="PASS" start="2026-03-17T15:12:05.437223" elapsed="0.477419"/>
</kw>
<kw name="Press Keys" owner="SeleniumLibrary">
<msg time="2026-03-17T15:12:05.916712" level="INFO">Sending key(s) ('TAB',) to id=endPoint element.</msg>
<msg time="2026-03-17T15:12:06.628173" level="INFO">Pressing special key TAB to element.</msg>
<msg time="2026-03-17T15:12:06.628173" level="INFO">Releasing special key TAB.</msg>
<arg>id=endPoint</arg>
<arg>TAB</arg>
<doc>Simulates the user pressing key(s) to an element or on the active browser.</doc>
<status status="PASS" start="2026-03-17T15:12:05.916203" elapsed="0.928608"/>
</kw>
<kw name="Click Element" owner="SeleniumLibrary">
<msg time="2026-03-17T15:12:06.844811" level="INFO">Clicking element 'xpath=//form[@id='postRouteForm']//button[@type='button' and contains(.,'เพิ่มจุดแวะ')]'.</msg>
<arg>xpath=//form[@id='postRouteForm']//button[@type='button' and contains(.,'เพิ่มจุดแวะ')]</arg>
<doc>Click the element identified by ``locator``.</doc>
<status status="PASS" start="2026-03-17T15:12:06.844811" elapsed="0.502979"/>
</kw>
<kw name="Input Text" owner="SeleniumLibrary">
<msg time="2026-03-17T15:12:07.347790" level="INFO">Typing text 'ชัยภูมิ' into text field 'xpath=//form[@id='postRouteForm']//input[contains(@placeholder,'(#1)')]'.</msg>
<arg>xpath=//form[@id='postRouteForm']//input[contains(@placeholder,'(#1)')]</arg>
<arg>ชัยภูมิ</arg>
<doc>Types the given ``text`` into the text field identified by ``locator``.</doc>
<status status="PASS" start="2026-03-17T15:12:07.347790" elapsed="0.738168"/>
</kw>
<kw name="Run Keyword And Ignore Error" owner="BuiltIn">
<kw name="Wait Until Element Is Visible" owner="SeleniumLibrary">
<arg>xpath=(//div[contains(@class,'pac-item')])[1]</arg>
<arg>3s</arg>
<doc>Waits until the element ``locator`` is visible.</doc>
<status status="PASS" start="2026-03-17T15:12:08.086977" elapsed="0.416116"/>
</kw>
<arg>Wait Until Element Is Visible</arg>
<arg>xpath=(//div[contains(@class,'pac-item')])[1]</arg>
<arg>3s</arg>
<doc>Runs the given keyword with the given arguments and ignores possible error.</doc>
<status status="PASS" start="2026-03-17T15:12:08.085958" elapsed="0.417135"/>
</kw>
<kw name="Run Keyword And Ignore Error" owner="BuiltIn">
<kw name="Click Element" owner="SeleniumLibrary">
<msg time="2026-03-17T15:12:08.503905" level="INFO">Clicking element 'xpath=(//div[contains(@class,'pac-item')])[1]'.</msg>
<arg>xpath=(//div[contains(@class,'pac-item')])[1]</arg>
<doc>Click the element identified by ``locator``.</doc>
<status status="PASS" start="2026-03-17T15:12:08.503905" elapsed="0.493089"/>
</kw>
<arg>Click Element</arg>
<arg>xpath=(//div[contains(@class,'pac-item')])[1]</arg>
<doc>Runs the given keyword with the given arguments and ignores possible error.</doc>
<status status="PASS" start="2026-03-17T15:12:08.503905" elapsed="0.493089"/>
</kw>
<kw name="Press Keys" owner="SeleniumLibrary">
<msg time="2026-03-17T15:12:08.999038" level="INFO">Sending key(s) ('TAB',) to xpath=//form[@id='postRouteForm']//input[contains(@placeholder,'(#1)')] element.</msg>
<msg time="2026-03-17T15:12:09.764857" level="INFO">Pressing special key TAB to element.</msg>
<msg time="2026-03-17T15:12:09.764857" level="INFO">Releasing special key TAB.</msg>
<arg>xpath=//form[@id='postRouteForm']//input[contains(@placeholder,'(#1)')]</arg>
<arg>TAB</arg>
<doc>Simulates the user pressing key(s) to an element or on the active browser.</doc>
<status status="PASS" start="2026-03-17T15:12:08.999038" elapsed="0.983307"/>
</kw>
<kw name="Click Element" owner="SeleniumLibrary">
<msg time="2026-03-17T15:12:09.982345" level="INFO">Clicking element 'xpath=//form[@id='postRouteForm']//button[@type='button' and contains(.,'เพิ่มจุดแวะ')]'.</msg>
<arg>xpath=//form[@id='postRouteForm']//button[@type='button' and contains(.,'เพิ่มจุดแวะ')]</arg>
<doc>Click the element identified by ``locator``.</doc>
<status status="PASS" start="2026-03-17T15:12:09.982345" elapsed="0.480995"/>
</kw>
<kw name="Input Text" owner="SeleniumLibrary">
<msg time="2026-03-17T15:12:10.463340" level="INFO">Typing text 'นครราชสีมา' into text field 'xpath=//form[@id='postRouteForm']//input[contains(@placeholder,'(#2)')]'.</msg>
<arg>xpath=//form[@id='postRouteForm']//input[contains(@placeholder,'(#2)')]</arg>
<arg>นครราชสีมา</arg>
<doc>Types the given ``text`` into the text field identified by ``locator``.</doc>
<status status="PASS" start="2026-03-17T15:12:10.463340" elapsed="0.741342"/>
</kw>
<kw name="Run Keyword And Ignore Error" owner="BuiltIn">
<kw name="Wait Until Element Is Visible" owner="SeleniumLibrary">
<arg>xpath=(//div[contains(@class,'pac-item')])[1]</arg>
<arg>3s</arg>
<doc>Waits until the element ``locator`` is visible.</doc>
<status status="PASS" start="2026-03-17T15:12:11.207807" elapsed="0.428352"/>
</kw>
<arg>Wait Until Element Is Visible</arg>
<arg>xpath=(//div[contains(@class,'pac-item')])[1]</arg>
<arg>3s</arg>
<doc>Runs the given keyword with the given arguments and ignores possible error.</doc>
<status status="PASS" start="2026-03-17T15:12:11.206809" elapsed="0.430354"/>
</kw>
<kw name="Run Keyword And Ignore Error" owner="BuiltIn">
<kw name="Click Element" owner="SeleniumLibrary">
<msg time="2026-03-17T15:12:11.637163" level="INFO">Clicking element 'xpath=(//div[contains(@class,'pac-item')])[1]'.</msg>
<arg>xpath=(//div[contains(@class,'pac-item')])[1]</arg>
<doc>Click the element identified by ``locator``.</doc>
<status status="PASS" start="2026-03-17T15:12:11.637163" elapsed="0.492841"/>
</kw>
<arg>Click Element</arg>
<arg>xpath=(//div[contains(@class,'pac-item')])[1]</arg>
<doc>Runs the given keyword with the given arguments and ignores possible error.</doc>
<status status="PASS" start="2026-03-17T15:12:11.637163" elapsed="0.492841"/>
</kw>
<kw name="Press Keys" owner="SeleniumLibrary">
<msg time="2026-03-17T15:12:12.130004" level="INFO">Sending key(s) ('TAB',) to xpath=//form[@id='postRouteForm']//input[contains(@placeholder,'(#2)')] element.</msg>
<msg time="2026-03-17T15:12:12.845704" level="INFO">Pressing special key TAB to element.</msg>
<msg time="2026-03-17T15:12:12.845704" level="INFO">Releasing special key TAB.</msg>
<arg>xpath=//form[@id='postRouteForm']//input[contains(@placeholder,'(#2)')]</arg>
<arg>TAB</arg>
<doc>Simulates the user pressing key(s) to an element or on the active browser.</doc>
<status status="PASS" start="2026-03-17T15:12:12.130004" elapsed="0.934800"/>
</kw>
<kw name="Run Keyword And Ignore Error" owner="BuiltIn">
<kw name="Input Text" owner="SeleniumLibrary">
<msg time="2026-03-17T15:12:13.064804" level="INFO">Typing text '10/12/2026' into text field 'id=travelDate'.</msg>
<arg>id=travelDate</arg>
<arg>${TRIP_DATE_UI}</arg>
<doc>Types the given ``text`` into the text field identified by ``locator``.</doc>
<status status="PASS" start="2026-03-17T15:12:13.064804" elapsed="0.717478"/>
</kw>
<msg time="2026-03-17T15:12:13.784312" level="INFO">${date_status} = PASS</msg>
<msg time="2026-03-17T15:12:13.784312" level="INFO">${date_msg} = None</msg>
<var>${date_status}</var>
<var>${date_msg}</var>
<arg>Input Text</arg>
<arg>id=travelDate</arg>
<arg>${TRIP_DATE_UI}</arg>
<doc>Runs the given keyword with the given arguments and ignores possible error.</doc>
<status status="PASS" start="2026-03-17T15:12:13.064804" elapsed="0.720027"/>
</kw>
<kw name="Run Keyword If" owner="BuiltIn">
<arg>'${date_status}'=='FAIL'</arg>
<arg>Input Text</arg>
<arg>id=travelDate</arg>
<arg>${TRIP_DATE_ISO}</arg>
<doc>Runs the given keyword with the given arguments, if ``condition`` is true.</doc>
<status status="PASS" start="2026-03-17T15:12:13.784831" elapsed="0.002190"/>
</kw>
<kw name="Input Text" owner="SeleniumLibrary">
<msg time="2026-03-17T15:12:13.789045" level="INFO">Typing text '17:00' into text field 'id=travelTime'.</msg>
<arg>id=travelTime</arg>
<arg>17:00</arg>
<doc>Types the given ``text`` into the text field identified by ``locator``.</doc>
<status status="PASS" start="2026-03-17T15:12:13.787021" elapsed="0.711601"/>
</kw>
<kw name="Input Text" owner="SeleniumLibrary">
<msg time="2026-03-17T15:12:14.514469" level="INFO">Typing text '4' into text field 'id=seatCount'.</msg>
<arg>id=seatCount</arg>
<arg>4</arg>
<doc>Types the given ``text`` into the text field identified by ``locator``.</doc>
<status status="PASS" start="2026-03-17T15:12:14.514469" elapsed="0.916570"/>
</kw>
<kw name="Input Text" owner="SeleniumLibrary">
<msg time="2026-03-17T15:12:15.431039" level="INFO">Typing text '250' into text field 'id=pricePerSeat'.</msg>
<arg>id=pricePerSeat</arg>
<arg>250</arg>
<doc>Types the given ``text`` into the text field identified by ``locator``.</doc>
<status status="PASS" start="2026-03-17T15:12:15.431039" elapsed="0.716852"/>
</kw>
<kw name="Wait Until Element Is Visible" owner="SeleniumLibrary">
<arg>xpath=//button[@type='button' and contains(.,'เพิ่ม / จัดการข้อมูล')]</arg>
<arg>8s</arg>
<doc>Waits until the element ``locator`` is visible.</doc>
<status status="PASS" start="2026-03-17T15:12:16.147891" elapsed="0.438509"/>
</kw>
<kw name="Click Element" owner="SeleniumLibrary">
<msg time="2026-03-17T15:12:16.587984" level="INFO">Clicking element 'xpath=//button[@type='button' and contains(.,'เพิ่ม / จัดการข้อมูล')]'.</msg>
<arg>xpath=//button[@type='button' and contains(.,'เพิ่ม / จัดการข้อมูล')]</arg>
<doc>Click the element identified by ``locator``.</doc>
<status status="PASS" start="2026-03-17T15:12:16.587984" elapsed="0.478069"/>
</kw>
<kw name="Wait Until Element Is Visible" owner="SeleniumLibrary">
<arg>xpath=//button[contains(.,'เพิ่มรถยนต์คันใหม่')]</arg>
<arg>8s</arg>
<doc>Waits until the element ``locator`` is visible.</doc>
<status status="PASS" start="2026-03-17T15:12:17.066053" elapsed="0.453271"/>
</kw>
<kw name="Click Element" owner="SeleniumLibrary">
<msg time="2026-03-17T15:12:17.519324" level="INFO">Clicking element 'xpath=//button[contains(.,'เพิ่มรถยนต์คันใหม่')]'.</msg>
<arg>xpath=//button[contains(.,'เพิ่มรถยนต์คันใหม่')]</arg>
<doc>Click the element identified by ``locator``.</doc>
<status status="PASS" start="2026-03-17T15:12:17.519324" elapsed="0.476911"/>
</kw>
<kw name="Wait Until Element Is Visible" owner="SeleniumLibrary">
<arg>xpath=//input[contains(@placeholder,'Toyota Camry')]</arg>
<arg>8s</arg>
<doc>Waits until the element ``locator`` is visible.</doc>
<status status="PASS" start="2026-03-17T15:12:17.996235" elapsed="0.445339"/>
</kw>
<kw name="Input Text" owner="SeleniumLibrary">
<msg time="2026-03-17T15:12:18.441574" level="INFO">Typing text 'Toyota Camry' into text field 'xpath=//input[contains(@placeholder,'Toyota Camry')]'.</msg>
<arg>xpath=//input[contains(@placeholder,'Toyota Camry')]</arg>
<arg>Toyota Camry</arg>
<doc>Types the given ``text`` into the text field identified by ``locator``.</doc>
<status status="PASS" start="2026-03-17T15:12:18.441574" elapsed="0.730708"/>
</kw>
<kw name="Input Text" owner="SeleniumLibrary">
<msg time="2026-03-17T15:12:19.175389" level="INFO">Typing text 'กก 1234 ขอนแก่น' into text field 'xpath=//input[contains(@placeholder,'กก 1234 ขอนแก่น')]'.</msg>
<arg>xpath=//input[contains(@placeholder,'กก 1234 ขอนแก่น')]</arg>
<arg>กก 1234 ขอนแก่น</arg>
<doc>Types the given ``text`` into the text field identified by ``locator``.</doc>
<status status="PASS" start="2026-03-17T15:12:19.175389" elapsed="0.748760"/>
</kw>
<kw name="Select From List By Label" owner="SeleniumLibrary">
<msg time="2026-03-17T15:12:19.927159" level="INFO">Selecting options from selection list 'xpath=//select[contains(@class,'form-input')]' by label Sedan.</msg>
<arg>xpath=//select[contains(@class,'form-input')]</arg>
<arg>Sedan</arg>
<doc>Selects options from selection list ``locator`` by ``labels``.</doc>
<status status="PASS" start="2026-03-17T15:12:19.927159" elapsed="2.428797"/>
</kw>
<kw name="Input Text" owner="SeleniumLibrary">
<msg time="2026-03-17T15:12:22.356583" level="INFO">Typing text 'สีดำ' into text field 'xpath=//input[contains(@placeholder,'เช่น สีดำ')]'.</msg>
<arg>xpath=//input[contains(@placeholder,'เช่น สีดำ')]</arg>
<arg>สีดำ</arg>
<doc>Types the given ``text`` into the text field identified by ``locator``.</doc>
<status status="PASS" start="2026-03-17T15:12:22.356583" elapsed="0.748735"/>
</kw>
<kw name="Input Text" owner="SeleniumLibrary">
<msg time="2026-03-17T15:12:23.108341" level="INFO">Typing text '3' into text field 'xpath=//input[@type='number' and contains(@placeholder,'เช่น 4')]'.</msg>
<arg>xpath=//input[@type='number' and contains(@placeholder,'เช่น 4')]</arg>
<arg>3</arg>
<doc>Types the given ``text`` into the text field identified by ``locator``.</doc>
<status status="PASS" start="2026-03-17T15:12:23.108341" elapsed="0.770858"/>
</kw>
<kw name="Input Text" owner="SeleniumLibrary">
<msg time="2026-03-17T15:12:23.880667" level="INFO">Typing text 'Air, Music' into text field 'xpath=//input[contains(@placeholder,'Air Conditioner')]'.</msg>
<arg>xpath=//input[contains(@placeholder,'Air Conditioner')]</arg>
<arg>Air, Music</arg>
<doc>Types the given ``text`` into the text field identified by ``locator``.</doc>
<status status="PASS" start="2026-03-17T15:12:23.880667" elapsed="0.789676"/>
</kw>
<kw name="Wait Until Page Contains Element" owner="SeleniumLibrary">
<arg>xpath=(//div[contains(@class,'modal-overlay')]//input[@type='file'])[1]</arg>
<arg>8s</arg>
<doc>Waits until the element ``locator`` appears on the current page.</doc>
<status status="PASS" start="2026-03-17T15:12:24.672345" elapsed="0.224755"/>
</kw>
<kw name="Choose File" owner="SeleniumLibrary">
<msg time="2026-03-17T15:12:24.899120" level="INFO">Sending C:\PaiNamNaeWebApp\Sprint3\code\test\pic\test.png to browser.</msg>
<arg>xpath=(//div[contains(@class,'modal-overlay')]//input[@type='file'])[1]</arg>
<arg>C:\\PaiNamNaeWebApp\\Sprint3\\code\\test/pic/test.png</arg>
<doc>Inputs the ``file_path`` into the file input field ``locator``.</doc>
<status status="PASS" start="2026-03-17T15:12:24.899120" elapsed="0.467220"/>
</kw>
<kw name="Choose File" owner="SeleniumLibrary">
<msg time="2026-03-17T15:12:25.367246" level="INFO">Sending C:\PaiNamNaeWebApp\Sprint3\code\test\pic\test.png to browser.</msg>
<arg>xpath=(//div[contains(@class,'modal-overlay')]//input[@type='file'])[2]</arg>
<arg>C:\\PaiNamNaeWebApp\\Sprint3\\code\\test/pic/test.png</arg>
<doc>Inputs the ``file_path`` into the file input field ``locator``.</doc>
<status status="PASS" start="2026-03-17T15:12:25.367246" elapsed="0.464342"/>
</kw>
<kw name="Choose File" owner="SeleniumLibrary">
<msg time="2026-03-17T15:12:25.831588" level="INFO">Sending C:\PaiNamNaeWebApp\Sprint3\code\test\pic\test.png to browser.</msg>
<arg>xpath=(//div[contains(@class,'modal-overlay')]//input[@type='file'])[3]</arg>
<arg>C:\\PaiNamNaeWebApp\\Sprint3\\code\\test/pic/test.png</arg>
<doc>Inputs the ``file_path`` into the file input field ``locator``.</doc>
<status status="PASS" start="2026-03-17T15:12:25.831588" elapsed="0.466809"/>
</kw>
<kw name="Select Checkbox" owner="SeleniumLibrary">
<msg time="2026-03-17T15:12:26.298397" level="INFO">Selecting checkbox 'id=isDefault'.</msg>
<arg>id=isDefault</arg>
<doc>Selects the checkbox identified by ``locator``.</doc>
<status status="PASS" start="2026-03-17T15:12:26.298397" elapsed="1.141857"/>
</kw>
<kw name="Click Button" owner="SeleniumLibrary">
<msg time="2026-03-17T15:12:27.440808" level="INFO">Clicking button 'xpath=//div[contains(@class,'modal-overlay')]//button[@type='submit' and contains(.,'บันทึก')]'.</msg>
<arg>xpath=//div[contains(@class,'modal-overlay')]//button[@type='submit' and contains(.,'บันทึก')]</arg>
<doc>Clicks the button identified by ``locator``.</doc>
<status status="PASS" start="2026-03-17T15:12:27.440808" elapsed="1.127563"/>
</kw>
<kw name="Run Keyword And Return Status" owner="BuiltIn">
<kw name="Wait Until Element Is Visible" owner="SeleniumLibrary">
<msg time="2026-03-17T15:12:34.014422" level="INFO" html="true">&lt;/td&gt;&lt;/tr&gt;&lt;tr&gt;&lt;td colspan="3"&gt;&lt;a href="selenium-screenshot-1.png"&gt;&lt;img src="selenium-screenshot-1.png" width="800px"&gt;&lt;/a&gt;</msg>
<msg time="2026-03-17T15:12:34.014422" level="FAIL">Element 'xpath=//div[contains(@class,'modal-overlay')]//button[contains(.,'ยืนยัน')]' not visible after 5 seconds.</msg>
<arg>xpath=//div[contains(@class,'modal-overlay')]//button[contains(.,'ยืนยัน')]</arg>
<arg>5s</arg>
<doc>Waits until the element ``locator`` is visible.</doc>
<status status="FAIL" start="2026-03-17T15:12:28.573754" elapsed="5.443861">Element 'xpath=//div[contains(@class,'modal-overlay')]//button[contains(.,'ยืนยัน')]' not visible after 5 seconds.</status>
</kw>
<msg time="2026-03-17T15:12:34.017615" level="INFO">${has_confirm} = False</msg>
<var>${has_confirm}</var>
<arg>Wait Until Element Is Visible</arg>
<arg>xpath=//div[contains(@class,'modal-overlay')]//button[contains(.,'ยืนยัน')]</arg>
<arg>5s</arg>
<doc>Runs the specified keyword and returns the status as a Boolean value.</doc>
<status status="PASS" start="2026-03-17T15:12:28.572752" elapsed="5.444863"/>
</kw>
<if>
<branch type="IF" condition="${has_confirm}">
<kw name="Click Button" owner="SeleniumLibrary">
<arg>xpath=//div[contains(@class,'modal-overlay')]//button[contains(.,'ยืนยัน')]</arg>
<doc>Clicks the button identified by ``locator``.</doc>
<status status="NOT RUN" start="2026-03-17T15:12:34.017615" elapsed="0.000000"/>
</kw>
<status status="NOT RUN" start="2026-03-17T15:12:34.017615" elapsed="0.000000"/>
</branch>
<branch type="ELSE">
<kw name="Run Keyword And Return Status" owner="BuiltIn">
<kw name="Wait Until Element Is Visible" owner="SeleniumLibrary">
<arg>xpath=//div[contains(@class,'modal-overlay')]//button[.//*[name()='path' and contains(@d,'M15 19l-7-7 7-7')]]</arg>
<arg>2s</arg>
<doc>Waits until the element ``locator`` is visible.</doc>
<status status="PASS" start="2026-03-17T15:12:34.017615" elapsed="0.459009"/>
</kw>
<msg time="2026-03-17T15:12:34.476624" level="INFO">${has_back} = True</msg>
<var>${has_back}</var>
<arg>Wait Until Element Is Visible</arg>
<arg>xpath=//div[contains(@class,'modal-overlay')]//button[.//*[name()='path' and contains(@d,'M15 19l-7-7 7-7')]]</arg>
<arg>2s</arg>
<doc>Runs the specified keyword and returns the status as a Boolean value.</doc>
<status status="PASS" start="2026-03-17T15:12:34.017615" elapsed="0.459009"/>
</kw>
<if>
<branch type="IF" condition="${has_back}">
<kw name="Click Element" owner="SeleniumLibrary">
<msg time="2026-03-17T15:12:34.476624" level="INFO">Clicking element 'xpath=//div[contains(@class,'modal-overlay')]//button[.//*[name()='path' and contains(@d,'M15 19l-7-7 7-7')]]'.</msg>
<arg>xpath=//div[contains(@class,'modal-overlay')]//button[.//*[name()='path' and contains(@d,'M15 19l-7-7 7-7')]]</arg>
<doc>Click the element identified by ``locator``.</doc>
<status status="PASS" start="2026-03-17T15:12:34.476624" elapsed="0.502342"/>
</kw>
<status status="PASS" start="2026-03-17T15:12:34.476624" elapsed="0.502342"/>
</branch>
<status status="PASS" start="2026-03-17T15:12:34.476624" elapsed="0.502342"/>
</if>
<kw name="Run Keyword And Ignore Error" owner="BuiltIn">
<kw name="Click Button" owner="SeleniumLibrary">
<msg time="2026-03-17T15:12:34.978966" level="INFO">Clicking button 'xpath=//div[contains(@class,'modal-overlay')]//button[contains(.,'ปิด')]'.</msg>
<arg>xpath=//div[contains(@class,'modal-overlay')]//button[contains(.,'ปิด')]</arg>
<doc>Clicks the button identified by ``locator``.</doc>
<status status="PASS" start="2026-03-17T15:12:34.978966" elapsed="1.126196"/>
</kw>
<arg>Click Button</arg>
<arg>xpath=//div[contains(@class,'modal-overlay')]//button[contains(.,'ปิด')]</arg>
<doc>Runs the given keyword with the given arguments and ignores possible error.</doc>
<status status="PASS" start="2026-03-17T15:12:34.978966" elapsed="1.126196"/>
</kw>
<status status="PASS" start="2026-03-17T15:12:34.017615" elapsed="2.087547"/>
</branch>
<status status="PASS" start="2026-03-17T15:12:34.017615" elapsed="2.087547"/>
</if>
<kw name="Run Keyword And Ignore Error" owner="BuiltIn">
<kw name="Click Element At Coordinates" owner="SeleniumLibrary">
<msg time="2026-03-17T15:12:36.105162" level="INFO">Clicking element 'xpath=//div[contains(@class,'modal-overlay')]' at coordinates x=5, y=5.</msg>
<msg time="2026-03-17T15:12:36.720077" level="INFO" html="true">&lt;/td&gt;&lt;/tr&gt;&lt;tr&gt;&lt;td colspan="3"&gt;&lt;a href="selenium-screenshot-2.png"&gt;&lt;img src="selenium-screenshot-2.png" width="800px"&gt;&lt;/a&gt;</msg>
<msg time="2026-03-17T15:12:36.720077" level="FAIL">StaleElementReferenceException: Message: stale element reference: stale element not found in the current frame
  (Session info: chrome=145.0.7632.160); For documentation on this error, please visit: https://www.selenium.dev/documentation/webdriver/troubleshooting/errors#staleelementreferenceexception
Stacktrace:
Symbols not available. Dumping unresolved backtrace:
	0x7ff75ccdaa55
	0x7ff75ca38630
	0x7ff75c7cd75d
	0x7ff75c7d56c1
	0x7ff75c7d87e4
	0x7ff75c7d88af
	0x7ff75c82fd24
	0x7ff75c82ef12
	0x7ff75c88102e
	0x7ff75c8519da
	0x7ff75c87591c
	0x7ff75c819098
	0x7ff75c819f83
	0x7ff75cd07810
	0x7ff75cd01afd
	0x7ff75cd22c1a
	0x7ff75ca53345
	0x7ff75ca5b81c
	0x7ff75ca41924
	0x7ff75ca41ad6
	0x7ff75ca27e47
	0x7ffcb589e8d7
	0x7ffcb72cc48c
</msg>
<arg>xpath=//div[contains(@class,'modal-overlay')]</arg>
<arg>5</arg>
<arg>5</arg>
<doc>Click the element ``locator`` at ``xoffset/yoffset``.</doc>
<status status="FAIL" start="2026-03-17T15:12:36.105162" elapsed="0.614915">StaleElementReferenceException: Message: stale element reference: stale element not found in the current frame
  (Session info: chrome=145.0.7632.160); For documentation on this error, please visit: https://www.selenium.dev/documentation/webdriver/troubleshooting/errors#staleelementreferenceexception
Stacktrace:
Symbols not available. Dumping unresolved backtrace:
	0x7ff75ccdaa55
	0x7ff75ca38630
	0x7ff75c7cd75d
	0x7ff75c7d56c1
	0x7ff75c7d87e4
	0x7ff75c7d88af
	0x7ff75c82fd24
	0x7ff75c82ef12
	0x7ff75c88102e
	0x7ff75c8519da
	0x7ff75c87591c
	0x7ff75c819098
	0x7ff75c819f83
	0x7ff75cd07810
	0x7ff75cd01afd
	0x7ff75cd22c1a
	0x7ff75ca53345
	0x7ff75ca5b81c
	0x7ff75ca41924
	0x7ff75ca41ad6
	0x7ff75ca27e47
	0x7ffcb589e8d7
	0x7ffcb72cc48c
</status>
</kw>
<arg>Click Element At Coordinates</arg>
<arg>xpath=//div[contains(@class,'modal-overlay')]</arg>
<arg>5</arg>
<arg>5</arg>
<doc>Runs the given keyword with the given arguments and ignores possible error.</doc>
<status status="PASS" start="2026-03-17T15:12:36.105162" elapsed="0.614915"/>
</kw>
<kw name="Run Keyword And Ignore Error" owner="BuiltIn">
<kw name="Wait Until Element Is Not Visible" owner="SeleniumLibrary">
<arg>xpath=//div[contains(@class,'modal-overlay')]</arg>
<arg>8s</arg>
<doc>Waits until the element ``locator`` is not visible.</doc>
<status status="PASS" start="2026-03-17T15:12:36.720077" elapsed="0.228680"/>
</kw>
<arg>Wait Until Element Is Not Visible</arg>
<arg>xpath=//div[contains(@class,'modal-overlay')]</arg>
<arg>8s</arg>
<doc>Runs the given keyword with the given arguments and ignores possible error.</doc>
<status status="PASS" start="2026-03-17T15:12:36.720077" elapsed="0.228680"/>
</kw>
<kw name="Sleep" owner="BuiltIn">
<msg time="2026-03-17T15:12:37.950705" level="INFO">Slept 1 second.</msg>
<arg>1s</arg>
<doc>Pauses the test executed for the given time.</doc>
<status status="PASS" start="2026-03-17T15:12:36.948757" elapsed="1.001948"/>
</kw>
<kw name="Go To" owner="SeleniumLibrary">
<msg time="2026-03-17T15:12:37.953495" level="INFO">Opening url 'https://csse4569.cpkku.com/createTrip'</msg>
<arg>${URL}createTrip</arg>
<doc>Navigates the current browser window to the provided ``url``.</doc>
<status status="PASS" start="2026-03-17T15:12:37.953495" elapsed="0.299338"/>
</kw>
<kw name="Wait Until Element Is Visible" owner="SeleniumLibrary">
<arg>id=startPoint</arg>
<arg>12s</arg>
<doc>Waits until the element ``locator`` is visible.</doc>
<status status="PASS" start="2026-03-17T15:12:38.255093" elapsed="0.462447"/>
</kw>
<kw name="Wait Until Element Is Visible" owner="SeleniumLibrary">
<arg>id=travelDate</arg>
<arg>12s</arg>
<doc>Waits until the element ``locator`` is visible.</doc>
<status status="PASS" start="2026-03-17T15:12:38.719419" elapsed="0.461858"/>
</kw>
<kw name="Run Keyword And Return Status" owner="BuiltIn">
<kw name="Wait Until Element Is Visible" owner="SeleniumLibrary">
<arg>id=vehicle</arg>
<arg>5s</arg>
<doc>Waits until the element ``locator`` is visible.</doc>
<status status="PASS" start="2026-03-17T15:12:39.182352" elapsed="0.430855"/>
</kw>
<msg time="2026-03-17T15:12:39.614076" level="INFO">${has_vehicle_select} = True</msg>
<var>${has_vehicle_select}</var>
<arg>Wait Until Element Is Visible</arg>
<arg>id=vehicle</arg>
<arg>5s</arg>
<doc>Runs the specified keyword and returns the status as a Boolean value.</doc>
<status status="PASS" start="2026-03-17T15:12:39.182352" elapsed="0.431724"/>
</kw>
<kw name="Run Keyword If" owner="BuiltIn">
<kw name="Select From List By Index" owner="SeleniumLibrary">
<msg time="2026-03-17T15:12:39.614076" level="INFO">Selecting options from selection list 'id=vehicle' by index 1.</msg>
<arg>id=vehicle</arg>
<arg>1</arg>
<doc>Selects options from selection list ``locator`` by ``indexes``.</doc>
<status status="PASS" start="2026-03-17T15:12:39.614076" elapsed="1.686437"/>
</kw>
<arg>${has_vehicle_select}</arg>
<arg>Select From List By Index</arg>
<arg>id=vehicle</arg>
<arg>1</arg>
<doc>Runs the given keyword with the given arguments, if ``condition`` is true.</doc>
<status status="PASS" start="2026-03-17T15:12:39.614076" elapsed="1.686437"/>
</kw>
<kw name="Clear Element Text" owner="SeleniumLibrary">
<arg>id=startPoint</arg>
<doc>Clears the value of the text-input-element identified by ``locator``.</doc>
<status status="PASS" start="2026-03-17T15:12:41.300513" elapsed="0.429199"/>
</kw>
<kw name="Input Text" owner="SeleniumLibrary">
<msg time="2026-03-17T15:12:41.732235" level="INFO">Typing text 'ขอนแก่น' into text field 'id=startPoint'.</msg>
<arg>id=startPoint</arg>
<arg>ขอนแก่น</arg>
<doc>Types the given ``text`` into the text field identified by ``locator``.</doc>
<status status="PASS" start="2026-03-17T15:12:41.729712" elapsed="0.718263"/>
</kw>
<kw name="Run Keyword And Ignore Error" owner="BuiltIn">
<kw name="Wait Until Element Is Visible" owner="SeleniumLibrary">
<arg>xpath=(//div[contains(@class,'pac-item')])[1]</arg>
<arg>3s</arg>
<doc>Waits until the element ``locator`` is visible.</doc>
<status status="PASS" start="2026-03-17T15:12:42.447975" elapsed="0.853751"/>
</kw>
<arg>Wait Until Element Is Visible</arg>
<arg>xpath=(//div[contains(@class,'pac-item')])[1]</arg>
<arg>3s</arg>
<doc>Runs the given keyword with the given arguments and ignores possible error.</doc>
<status status="PASS" start="2026-03-17T15:12:42.447975" elapsed="0.853751"/>
</kw>
<kw name="Run Keyword And Ignore Error" owner="BuiltIn">
<kw name="Click Element" owner="SeleniumLibrary">
<msg time="2026-03-17T15:12:43.301726" level="INFO">Clicking element 'xpath=(//div[contains(@class,'pac-item')])[1]'.</msg>
<arg>xpath=(//div[contains(@class,'pac-item')])[1]</arg>
<doc>Click the element identified by ``locator``.</doc>
<status status="PASS" start="2026-03-17T15:12:43.301726" elapsed="0.477949"/>
</kw>
<arg>Click Element</arg>
<arg>xpath=(//div[contains(@class,'pac-item')])[1]</arg>
<doc>Runs the given keyword with the given arguments and ignores possible error.</doc>
<status status="PASS" start="2026-03-17T15:12:43.301726" elapsed="0.477949"/>
</kw>
<kw name="Press Keys" owner="SeleniumLibrary">
<msg time="2026-03-17T15:12:43.779675" level="INFO">Sending key(s) ('TAB',) to id=startPoint element.</msg>
<msg time="2026-03-17T15:12:44.480819" level="INFO">Pressing special key TAB to element.</msg>
<msg time="2026-03-17T15:12:44.480819" level="INFO">Releasing special key TAB.</msg>
<arg>id=startPoint</arg>
<arg>TAB</arg>
<doc>Simulates the user pressing key(s) to an element or on the active browser.</doc>
<status status="PASS" start="2026-03-17T15:12:43.779675" elapsed="0.916051"/>
</kw>
<kw name="Clear Element Text" owner="SeleniumLibrary">
<arg>id=endPoint</arg>
<doc>Clears the value of the text-input-element identified by ``locator``.</doc>
<status status="PASS" start="2026-03-17T15:12:44.695726" elapsed="0.462731"/>
</kw>
<kw name="Input Text" owner="SeleniumLibrary">
<msg time="2026-03-17T15:12:45.158457" level="INFO">Typing text 'โคราช' into text field 'id=endPoint'.</msg>
<arg>id=endPoint</arg>
<arg>โคราช</arg>
<doc>Types the given ``text`` into the text field identified by ``locator``.</doc>
<status status="PASS" start="2026-03-17T15:12:45.158457" elapsed="0.671264"/>
</kw>
<kw name="Run Keyword And Ignore Error" owner="BuiltIn">
<kw name="Wait Until Element Is Visible" owner="SeleniumLibrary">
<arg>xpath=(//div[contains(@class,'pac-item')])[1]</arg>
<arg>3s</arg>
<doc>Waits until the element ``locator`` is visible.</doc>
<status status="PASS" start="2026-03-17T15:12:45.831722" elapsed="0.419893"/>
</kw>
<arg>Wait Until Element Is Visible</arg>
<arg>xpath=(//div[contains(@class,'pac-item')])[1]</arg>
<arg>3s</arg>
<doc>Runs the given keyword with the given arguments and ignores possible error.</doc>
<status status="PASS" start="2026-03-17T15:12:45.830722" elapsed="0.420893"/>
</kw>
<kw name="Run Keyword And Ignore Error" owner="BuiltIn">
<kw name="Click Element" owner="SeleniumLibrary">
<msg time="2026-03-17T15:12:46.251615" level="INFO">Clicking element 'xpath=(//div[contains(@class,'pac-item')])[1]'.</msg>
<arg>xpath=(//div[contains(@class,'pac-item')])[1]</arg>
<doc>Click the element identified by ``locator``.</doc>
<status status="PASS" start="2026-03-17T15:12:46.251615" elapsed="0.479837"/>
</kw>
<arg>Click Element</arg>
<arg>xpath=(//div[contains(@class,'pac-item')])[1]</arg>
<doc>Runs the given keyword with the given arguments and ignores possible error.</doc>
<status status="PASS" start="2026-03-17T15:12:46.251615" elapsed="0.479837"/>
</kw>
<kw name="Press Keys" owner="SeleniumLibrary">
<msg time="2026-03-17T15:12:46.731452" level="INFO">Sending key(s) ('TAB',) to id=endPoint element.</msg>
<msg time="2026-03-17T15:12:47.446206" level="INFO">Pressing special key TAB to element.</msg>
<msg time="2026-03-17T15:12:47.446206" level="INFO">Releasing special key TAB.</msg>
<arg>id=endPoint</arg>
<arg>TAB</arg>
<doc>Simulates the user pressing key(s) to an element or on the active browser.</doc>
<status status="PASS" start="2026-03-17T15:12:46.731452" elapsed="0.931780"/>
</kw>
<kw name="Click Element" owner="SeleniumLibrary">
<msg time="2026-03-17T15:12:47.663232" level="INFO">Clicking element 'xpath=//form[@id='postRouteForm']//button[@type='button' and contains(.,'เพิ่มจุดแวะ')]'.</msg>
<arg>xpath=//form[@id='postRouteForm']//button[@type='button' and contains(.,'เพิ่มจุดแวะ')]</arg>
<doc>Click the element identified by ``locator``.</doc>
<status status="PASS" start="2026-03-17T15:12:47.663232" elapsed="0.482376"/>
</kw>
<kw name="Input Text" owner="SeleniumLibrary">
<msg time="2026-03-17T15:12:48.152510" level="INFO">Typing text 'ชัยภูมิ' into text field 'xpath=//form[@id='postRouteForm']//input[contains(@placeholder,'(#1)')]'.</msg>
<arg>xpath=//form[@id='postRouteForm']//input[contains(@placeholder,'(#1)')]</arg>
<arg>ชัยภูมิ</arg>
<doc>Types the given ``text`` into the text field identified by ``locator``.</doc>
<status status="PASS" start="2026-03-17T15:12:48.145608" elapsed="0.707044"/>
</kw>
<kw name="Run Keyword And Ignore Error" owner="BuiltIn">
<kw name="Wait Until Element Is Visible" owner="SeleniumLibrary">
<arg>xpath=(//div[contains(@class,'pac-item')])[1]</arg>
<arg>3s</arg>
<doc>Waits until the element ``locator`` is visible.</doc>
<status status="PASS" start="2026-03-17T15:12:48.859674" elapsed="0.440441"/>
</kw>
<arg>Wait Until Element Is Visible</arg>
<arg>xpath=(//div[contains(@class,'pac-item')])[1]</arg>
<arg>3s</arg>
<doc>Runs the given keyword with the given arguments and ignores possible error.</doc>
<status status="PASS" start="2026-03-17T15:12:48.857682" elapsed="0.442433"/>
</kw>
<kw name="Run Keyword And Ignore Error" owner="BuiltIn">
<kw name="Click Element" owner="SeleniumLibrary">
<msg time="2026-03-17T15:12:49.300115" level="INFO">Clicking element 'xpath=(//div[contains(@class,'pac-item')])[1]'.</msg>
<arg>xpath=(//div[contains(@class,'pac-item')])[1]</arg>
<doc>Click the element identified by ``locator``.</doc>
<status status="PASS" start="2026-03-17T15:12:49.300115" elapsed="0.463332"/>
</kw>
<arg>Click Element</arg>
<arg>xpath=(//div[contains(@class,'pac-item')])[1]</arg>
<doc>Runs the given keyword with the given arguments and ignores possible error.</doc>
<status status="PASS" start="2026-03-17T15:12:49.300115" elapsed="0.463332"/>
</kw>
<kw name="Click Element" owner="SeleniumLibrary">
<msg time="2026-03-17T15:12:49.763447" level="INFO">Clicking element 'xpath=//form[@id='postRouteForm']//button[@type='button' and contains(.,'เพิ่มจุดแวะ')]'.</msg>
<arg>xpath=//form[@id='postRouteForm']//button[@type='button' and contains(.,'เพิ่มจุดแวะ')]</arg>
<doc>Click the element identified by ``locator``.</doc>
<status status="PASS" start="2026-03-17T15:12:49.763447" elapsed="0.482805"/>
</kw>
<kw name="Input Text" owner="SeleniumLibrary">
<msg time="2026-03-17T15:12:50.246252" level="INFO">Typing text 'นครราชสีมา' into text field 'xpath=//form[@id='postRouteForm']//input[contains(@placeholder,'(#2)')]'.</msg>
<arg>xpath=//form[@id='postRouteForm']//input[contains(@placeholder,'(#2)')]</arg>
<arg>นครราชสีมา</arg>
<doc>Types the given ``text`` into the text field identified by ``locator``.</doc>
<status status="PASS" start="2026-03-17T15:12:50.246252" elapsed="0.784435"/>
</kw>
<kw name="Run Keyword And Ignore Error" owner="BuiltIn">
<kw name="Wait Until Element Is Visible" owner="SeleniumLibrary">
<arg>xpath=(//div[contains(@class,'pac-item')])[1]</arg>
<arg>3s</arg>
<doc>Waits until the element ``locator`` is visible.</doc>
<status status="PASS" start="2026-03-17T15:12:51.035127" elapsed="0.449343"/>
</kw>
<arg>Wait Until Element Is Visible</arg>
<arg>xpath=(//div[contains(@class,'pac-item')])[1]</arg>
<arg>3s</arg>
<doc>Runs the given keyword with the given arguments and ignores possible error.</doc>
<status status="PASS" start="2026-03-17T15:12:51.034129" elapsed="0.450341"/>
</kw>
<kw name="Run Keyword And Ignore Error" owner="BuiltIn">
<kw name="Click Element" owner="SeleniumLibrary">
<msg time="2026-03-17T15:12:51.484470" level="INFO">Clicking element 'xpath=(//div[contains(@class,'pac-item')])[1]'.</msg>
<arg>xpath=(//div[contains(@class,'pac-item')])[1]</arg>
<doc>Click the element identified by ``locator``.</doc>
<status status="PASS" start="2026-03-17T15:12:51.484470" elapsed="0.477974"/>
</kw>
<arg>Click Element</arg>
<arg>xpath=(//div[contains(@class,'pac-item')])[1]</arg>
<doc>Runs the given keyword with the given arguments and ignores possible error.</doc>
<status status="PASS" start="2026-03-17T15:12:51.484470" elapsed="0.478834"/>
</kw>
<kw name="Run Keyword And Ignore Error" owner="BuiltIn">
<kw name="Input Text" owner="SeleniumLibrary">
<msg time="2026-03-17T15:12:51.963918" level="INFO">Typing text '10/12/2026' into text field 'id=travelDate'.</msg>
<arg>id=travelDate</arg>
<arg>${TRIP_DATE_UI}</arg>
<doc>Types the given ``text`` into the text field identified by ``locator``.</doc>
<status status="PASS" start="2026-03-17T15:12:51.963918" elapsed="0.716645"/>
</kw>
<msg time="2026-03-17T15:12:52.680563" level="INFO">${date_status_2} = PASS</msg>
<msg time="2026-03-17T15:12:52.680563" level="INFO">${date_msg_2} = None</msg>
<var>${date_status_2}</var>
<var>${date_msg_2}</var>
<arg>Input Text</arg>
<arg>id=travelDate</arg>
<arg>${TRIP_DATE_UI}</arg>
<doc>Runs the given keyword with the given arguments and ignores possible error.</doc>
<status status="PASS" start="2026-03-17T15:12:51.963918" elapsed="0.716645"/>
</kw>
<kw name="Run Keyword If" owner="BuiltIn">
<arg>'${date_status_2}'=='FAIL'</arg>
<arg>Input Text</arg>
<arg>id=travelDate</arg>
<arg>${TRIP_DATE_ISO}</arg>
<doc>Runs the given keyword with the given arguments, if ``condition`` is true.</doc>
<status status="PASS" start="2026-03-17T15:12:52.682582" elapsed="0.000000"/>
</kw>
<kw name="Input Text" owner="SeleniumLibrary">
<msg time="2026-03-17T15:12:52.682582" level="INFO">Typing text '17:00' into text field 'id=travelTime'.</msg>
<arg>id=travelTime</arg>
<arg>17:00</arg>
<doc>Types the given ``text`` into the text field identified by ``locator``.</doc>
<status status="PASS" start="2026-03-17T15:12:52.682582" elapsed="0.698116"/>
</kw>
<kw name="Input Text" owner="SeleniumLibrary">
<msg time="2026-03-17T15:12:53.382209" level="INFO">Typing text '4' into text field 'id=seatCount'.</msg>
<arg>id=seatCount</arg>
<arg>4</arg>
<doc>Types the given ``text`` into the text field identified by ``locator``.</doc>
<status status="PASS" start="2026-03-17T15:12:53.382209" elapsed="0.716215"/>
</kw>
<kw name="Input Text" owner="SeleniumLibrary">
<msg time="2026-03-17T15:12:54.098424" level="INFO">Typing text '250' into text field 'id=pricePerSeat'.</msg>
<arg>id=pricePerSeat</arg>
<arg>250</arg>
<doc>Types the given ``text`` into the text field identified by ``locator``.</doc>
<status status="PASS" start="2026-03-17T15:12:54.098424" elapsed="0.764368"/>
</kw>
<kw name="Run Keyword And Ignore Error" owner="BuiltIn">
<kw name="Input Text" owner="SeleniumLibrary">
<msg time="2026-03-17T15:12:54.862792" level="INFO">Typing text 'ห้ามสูบบุหรี่, ห้ามนำสัตว์เลี้ยงขึ้นมา' into text field 'id=terms'.</msg>
<arg>id=terms</arg>
<arg>ห้ามสูบบุหรี่, ห้ามนำสัตว์เลี้ยงขึ้นมา</arg>
<doc>Types the given ``text`` into the text field identified by ``locator``.</doc>
<status status="PASS" start="2026-03-17T15:12:54.862792" elapsed="0.735705"/>
</kw>
<arg>Input Text</arg>
<arg>id=terms</arg>
<arg>ห้ามสูบบุหรี่, ห้ามนำสัตว์เลี้ยงขึ้นมา</arg>
<doc>Runs the given keyword with the given arguments and ignores possible error.</doc>
<status status="PASS" start="2026-03-17T15:12:54.862792" elapsed="0.735705"/>
</kw>
<kw name="Wait Until Element Is Visible" owner="SeleniumLibrary">
<arg>xpath=//form[@id='postRouteForm']//button[@type='submit']</arg>
<arg>12s</arg>
<doc>Waits until the element ``locator`` is visible.</doc>
<status status="PASS" start="2026-03-17T15:12:55.598497" elapsed="0.453687"/>
</kw>
<kw name="Get WebElement" owner="SeleniumLibrary">
<msg time="2026-03-17T15:12:56.275755" level="INFO">${submit_btn} = &lt;selenium.webdriver.remote.webelement.WebElement (session="2af9abb480b3729ae9cd25216527a8f2", element="f.1F658489FAAB7A04D6BB4E0CF5DC54BF.d.04F83918550986D06561E4EBB761F24D.e.194")&gt;</msg>
<var>${submit_btn}</var>
<arg>xpath=//form[@id='postRouteForm']//button[@type='submit']</arg>
<doc>Returns the first WebElement matching the given ``locator``.</doc>
<status status="PASS" start="2026-03-17T15:12:56.052184" elapsed="0.223571"/>
</kw>
<kw name="Execute Javascript" owner="SeleniumLibrary">
<msg time="2026-03-17T15:12:56.275755" level="INFO">Executing JavaScript:
arguments[0].scrollIntoView({block: 'center'});
By using argument:
'&lt;selenium.webdriver.remote.webelement.WebElement (session="2af9abb480b3729ae9cd25216527a8f2", element="f.1F658489FAAB7A04D6BB4E0CF5DC54BF.d.04F83918550986D06561E4EBB761F24D.e.194")&gt;'</msg>
<arg>arguments[0].scrollIntoView({block: 'center'});</arg>
<arg>ARGUMENTS</arg>
<arg>${submit_btn}</arg>
<doc>Executes the given JavaScript code with possible arguments.</doc>
<status status="PASS" start="2026-03-17T15:12:56.275755" elapsed="0.213120"/>
</kw>
<kw name="Execute Javascript" owner="SeleniumLibrary">
<msg time="2026-03-17T15:12:56.491083" level="INFO">Executing JavaScript:
arguments[0].click();
By using argument:
'&lt;selenium.webdriver.remote.webelement.WebElement (session="2af9abb480b3729ae9cd25216527a8f2", element="f.1F658489FAAB7A04D6BB4E0CF5DC54BF.d.04F83918550986D06561E4EBB761F24D.e.194")&gt;'</msg>
<arg>arguments[0].click();</arg>
<arg>ARGUMENTS</arg>
<arg>${submit_btn}</arg>
<doc>Executes the given JavaScript code with possible arguments.</doc>
<status status="PASS" start="2026-03-17T15:12:56.490082" elapsed="0.231163"/>
</kw>
<kw name="Run Keyword And Return Status" owner="BuiltIn">
<kw name="Wait Until Page Contains" owner="SeleniumLibrary">
<arg>สำเร็จ</arg>
<arg>15s</arg>
<doc>Waits until ``text`` appears on the current page.</doc>
<status status="PASS" start="2026-03-17T15:12:56.723684" elapsed="0.247020"/>
</kw>
<msg time="2026-03-17T15:12:56.970704" level="INFO">${success_toast} = True</msg>
<var>${success_toast}</var>
<arg>Wait Until Page Contains</arg>
<arg>สำเร็จ</arg>
<arg>15s</arg>
<doc>Runs the specified keyword and returns the status as a Boolean value.</doc>
<status status="PASS" start="2026-03-17T15:12:56.723268" elapsed="0.247436"/>
</kw>
<kw name="Run Keyword And Return Status" owner="BuiltIn">
<kw name="Wait Until Location Contains" owner="SeleniumLibrary">
<arg>/findTrip</arg>
<arg>15s</arg>
<doc>Waits until the current URL contains ``expected``.</doc>
<status status="PASS" start="2026-03-17T15:12:56.970704" elapsed="1.482580"/>
</kw>
<msg time="2026-03-17T15:12:58.453284" level="INFO">${redirected} = True</msg>
<var>${redirected}</var>
<arg>Wait Until Location Contains</arg>
<arg>/findTrip</arg>
<arg>15s</arg>
<doc>Runs the specified keyword and returns the status as a Boolean value.</doc>
<status status="PASS" start="2026-03-17T15:12:56.970704" elapsed="1.482580"/>
</kw>
<if>
<branch type="IF" condition="not ${success_toast} and not ${redirected}">
<kw name="Fail" owner="BuiltIn">
<arg>ไม่พบข้อความสำเร็จและไม่ redirect ไป /findTrip</arg>
<doc>Fails the test with the given message and optionally alters its tags.</doc>
<status status="NOT RUN" start="2026-03-17T15:12:58.454750" elapsed="0.000000"/>
</kw>
<status status="NOT RUN" start="2026-03-17T15:12:58.454355" elapsed="0.000395"/>
</branch>
<status status="PASS" start="2026-03-17T15:12:58.454355" elapsed="0.000395"/>
</if>
<kw name="Capture Page Screenshot" owner="SeleniumLibrary">
<msg time="2026-03-17T15:12:58.809403" level="INFO" html="true">&lt;/td&gt;&lt;/tr&gt;&lt;tr&gt;&lt;td colspan="3"&gt;&lt;a href="selenium-screenshot-3.png"&gt;&lt;img src="selenium-screenshot-3.png" width="800px"&gt;&lt;/a&gt;</msg>
<doc>Takes a screenshot of the current page and embeds it into a log file.</doc>
<status status="PASS" start="2026-03-17T15:12:58.454750" elapsed="0.354653"/>
</kw>
<kw name="Close All Browsers" owner="SeleniumLibrary" type="TEARDOWN">
<doc>Closes all open browsers and resets the browser cache.</doc>
<status status="PASS" start="2026-03-17T15:12:58.810405" elapsed="2.419031"/>
</kw>
<status status="PASS" start="2026-03-17T15:11:53.470421" elapsed="67.759015"/>
</test>
<kw name="Close All Browsers" owner="SeleniumLibrary" type="TEARDOWN">
<doc>Closes all open browsers and resets the browser cache.</doc>
<status status="PASS" start="2026-03-17T15:13:01.229436" elapsed="0.000000"/>
</kw>
<status status="PASS" start="2026-03-17T15:11:53.307256" elapsed="67.922180"/>
</suite>
<statistics>
<total>
<stat pass="1" fail="0" skip="0">All Tests</stat>
</total>
<tag>
</tag>
<suite>
<stat name="Test TC3" id="s1" pass="1" fail="0" skip="0">Test TC3</stat>
</suite>
</statistics>
<errors>
</errors>
</robot>
