<?xml version="1.0" encoding="UTF-8"?>
<robot generator="Robot 7.4.1 (Python 3.10.8 on win32)" generated="2026-03-17T18:40:06.541379" rpa="false" schemaversion="5">
<suite id="s1" name="Test TC14" source="C:\PaiNamNaeWebApp\Sprint3\code\test\Test_TC14.robot">
<test id="s1-t1" name="TC14 Driver Set PromptPay Successfully" line="76">
<kw name="Open Browser" owner="SeleniumLibrary">
<msg time="2026-03-17T18:40:06.736476" level="INFO">Opening browser 'chrome' to base url 'https://csse4569.cpkku.com/'.</msg>
<arg>${URL}</arg>
<arg>${BROWSER}</arg>
<doc>Opens a new browser instance to the optional ``url``.</doc>
<status status="PASS" start="2026-03-17T18:40:06.736476" elapsed="2.356015"/>
</kw>
<kw name="Maximize Browser Window" owner="SeleniumLibrary">
<doc>Maximizes current browser window.</doc>
<status status="PASS" start="2026-03-17T18:40:09.093498" elapsed="0.104108"/>
</kw>
<kw name="Set Selenium Speed" owner="SeleniumLibrary">
<arg>0.2s</arg>
<doc>Sets the delay that is waited after each Selenium command.</doc>
<status status="PASS" start="2026-03-17T18:40:09.198971" elapsed="0.001180"/>
</kw>
<kw name="Clear Session And Go To Login">
<kw name="Go To" owner="SeleniumLibrary">
<msg time="2026-03-17T18:40:09.202142" level="INFO">Opening url 'https://csse4569.cpkku.com/'</msg>
<arg>${URL}</arg>
<doc>Navigates the current browser window to the provided ``url``.</doc>
<status status="PASS" start="2026-03-17T18:40:09.202142" elapsed="0.412124"/>
</kw>
<kw name="Delete All Cookies" owner="SeleniumLibrary">
<doc>Deletes all cookies.</doc>
<status status="PASS" start="2026-03-17T18:40:09.614266" elapsed="0.216805"/>
</kw>
<kw name="Execute Javascript" owner="SeleniumLibrary">
<msg time="2026-03-17T18:40:09.832059" level="INFO">Executing JavaScript:
window.localStorage.clear(); window.sessionStorage.clear();
Without any arguments.</msg>
<arg>window.localStorage.clear(); window.sessionStorage.clear();</arg>
<doc>Executes the given JavaScript code with possible arguments.</doc>
<status status="PASS" start="2026-03-17T18:40:09.832059" elapsed="0.216153"/>
</kw>
<kw name="Go To" owner="SeleniumLibrary">
<msg time="2026-03-17T18:40:10.049449" level="INFO">Opening url 'https://csse4569.cpkku.com/login'</msg>
<arg>${URL}login</arg>
<doc>Navigates the current browser window to the provided ``url``.</doc>
<status status="PASS" start="2026-03-17T18:40:10.048212" elapsed="0.315961"/>
</kw>
<kw name="Wait Until Element Is Visible" owner="SeleniumLibrary">
<arg>id=identifier</arg>
<arg>15s</arg>
<doc>Waits until the element ``locator`` is visible.</doc>
<status status="PASS" start="2026-03-17T18:40:10.364173" elapsed="0.668222"/>
</kw>
<status status="PASS" start="2026-03-17T18:40:09.201144" elapsed="1.831251"/>
</kw>
<kw name="Login With">
<kw name="Input Text" owner="SeleniumLibrary">
<msg time="2026-03-17T18:40:11.032395" level="INFO">Typing text 'sitananyjjk13@gmail.com' into text field 'id=identifier'.</msg>
<arg>id=identifier</arg>
<arg>${email}</arg>
<doc>Types the given ``text`` into the text field identified by ``locator``.</doc>
<status status="PASS" start="2026-03-17T18:40:11.032395" elapsed="0.847827"/>
</kw>
<kw name="Input Text" owner="SeleniumLibrary">
<msg time="2026-03-17T18:40:11.881221" level="INFO">Typing text 'Ching13082547' into text field 'id=password'.</msg>
<arg>id=password</arg>
<arg>${password}</arg>
<doc>Types the given ``text`` into the text field identified by ``locator``.</doc>
<status status="PASS" start="2026-03-17T18:40:11.880222" elapsed="0.752589"/>
</kw>
<kw name="Click Button" owner="SeleniumLibrary">
<msg time="2026-03-17T18:40:12.635209" level="INFO">Clicking button 'xpath=//form[@id='loginForm']//button[@type='submit']'.</msg>
<arg>xpath=//form[@id='loginForm']//button[@type='submit']</arg>
<doc>Clicks the button identified by ``locator``.</doc>
<status status="PASS" start="2026-03-17T18:40:12.632811" elapsed="1.199766"/>
</kw>
<kw name="Wait Until Keyword Succeeds" owner="BuiltIn">
<kw name="Assert Current URL Is Not Login">
<kw name="Get Location" owner="SeleniumLibrary">
<msg time="2026-03-17T18:40:14.066363" level="INFO">${current_url} = https://csse4569.cpkku.com/login/</msg>
<var>${current_url}</var>
<doc>Returns the current browser window URL.</doc>
<status status="PASS" start="2026-03-17T18:40:13.838762" elapsed="0.228708"/>
</kw>
<kw name="Should Not Contain" owner="BuiltIn">
<msg time="2026-03-17T18:40:14.069734" level="FAIL">'https://csse4569.cpkku.com/login/' contains '/login'</msg>
<arg>${current_url}</arg>
<arg>/login</arg>
<doc>Fails if ``container`` contains ``item`` one or more times.</doc>
<status status="FAIL" start="2026-03-17T18:40:14.067470" elapsed="0.002264">'https://csse4569.cpkku.com/login/' contains '/login'</status>
</kw>
<status status="FAIL" start="2026-03-17T18:40:13.837762" elapsed="0.231972">'https://csse4569.cpkku.com/login/' contains '/login'</status>
</kw>
<kw name="Assert Current URL Is Not Login">
<kw name="Get Location" owner="SeleniumLibrary">
<msg time="2026-03-17T18:40:16.300264" level="INFO">${current_url} = https://csse4569.cpkku.com/</msg>
<var>${current_url}</var>
<doc>Returns the current browser window URL.</doc>
<status status="PASS" start="2026-03-17T18:40:16.084434" elapsed="0.215830"/>
</kw>
<kw name="Should Not Contain" owner="BuiltIn">
<arg>${current_url}</arg>
<arg>/login</arg>
<doc>Fails if ``container`` contains ``item`` one or more times.</doc>
<status status="PASS" start="2026-03-17T18:40:16.301602" elapsed="0.000998"/>
</kw>
<status status="PASS" start="2026-03-17T18:40:16.083804" elapsed="0.218796"/>
</kw>
<arg>8x</arg>
<arg>2s</arg>
<arg>Assert Current URL Is Not Login</arg>
<doc>Runs the specified keyword and retries if it fails.</doc>
<status status="PASS" start="2026-03-17T18:40:13.833622" elapsed="2.468978"/>
</kw>
<arg>${DRIVER_EMAIL}</arg>
<arg>${DRIVER_PASS}</arg>
<status status="PASS" start="2026-03-17T18:40:11.032395" elapsed="5.271208"/>
</kw>
<kw name="Open Account Page">
<kw name="Run Keyword And Return Status" owner="BuiltIn">
<kw name="Wait Until Element Is Visible" owner="SeleniumLibrary">
<msg time="2026-03-17T18:40:25.323851" level="INFO" html="true">&lt;/td&gt;&lt;/tr&gt;&lt;tr&gt;&lt;td colspan="3"&gt;&lt;a href="selenium-screenshot-35.png"&gt;&lt;img src="selenium-screenshot-35.png" width="800px"&gt;&lt;/a&gt;</msg>
<msg time="2026-03-17T18:40:25.323851" level="FAIL">Element 'xpath=(//a[contains(normalize-space(.),'บัญชีของฉัน')])[1]' not visible after 8 seconds.</msg>
<arg>xpath=(//a[contains(normalize-space(.),'บัญชีของฉัน')])[1]</arg>
<arg>8s</arg>
<doc>Waits until the element ``locator`` is visible.</doc>
<status status="FAIL" start="2026-03-17T18:40:16.306594" elapsed="9.119948">Element 'xpath=(//a[contains(normalize-space(.),'บัญชีของฉัน')])[1]' not visible after 8 seconds.</status>
</kw>
<msg time="2026-03-17T18:40:25.426542" level="INFO">${has_account_menu} = False</msg>
<var>${has_account_menu}</var>
<arg>Wait Until Element Is Visible</arg>
<arg>xpath=(//a[contains(normalize-space(.),'บัญชีของฉัน')])[1]</arg>
<arg>8s</arg>
<doc>Runs the specified keyword and returns the status as a Boolean value.</doc>
<status status="PASS" start="2026-03-17T18:40:16.305596" elapsed="9.120946"/>
</kw>
<if>
<branch type="IF" condition="${has_account_menu}">
<kw name="Click Element" owner="SeleniumLibrary">
<arg>xpath=(//a[contains(normalize-space(.),'บัญชีของฉัน')])[1]</arg>
<doc>Click the element identified by ``locator``.</doc>
<status status="NOT RUN" start="2026-03-17T18:40:25.428065" elapsed="0.000000"/>
</kw>
<status status="NOT RUN" start="2026-03-17T18:40:25.426542" elapsed="0.001523"/>
</branch>
<branch type="ELSE">
<kw name="Go To" owner="SeleniumLibrary">
<msg time="2026-03-17T18:40:25.429095" level="INFO">Opening url 'https://csse4569.cpkku.com/profile'</msg>
<arg>${URL}profile</arg>
<doc>Navigates the current browser window to the provided ``url``.</doc>
<status status="PASS" start="2026-03-17T18:40:25.428065" elapsed="0.320893"/>
</kw>
<status status="PASS" start="2026-03-17T18:40:25.428065" elapsed="0.321896"/>
</branch>
<status status="PASS" start="2026-03-17T18:40:25.426542" elapsed="0.323419"/>
</if>
<kw name="Wait Until Element Is Visible" owner="SeleniumLibrary">
<arg>xpath=//h1[contains(normalize-space(.),'โปรไฟล์ของฉัน') or contains(normalize-space(.),'โปรไฟล์และการตั้งค่า')]</arg>
<arg>15s</arg>
<doc>Waits until the element ``locator`` is visible.</doc>
<status status="PASS" start="2026-03-17T18:40:25.750976" elapsed="0.442299"/>
</kw>
<status status="PASS" start="2026-03-17T18:40:16.304593" elapsed="9.888682"/>
</kw>
<kw name="Open PromptPay Settings Page">
<kw name="Run Keyword And Return Status" owner="BuiltIn">
<kw name="Wait Until Element Is Visible" owner="SeleniumLibrary">
<arg>xpath=//a[contains(@href,'/profile/promptpay') and contains(normalize-space(.),'ตั้งค่าพร้อมเพย์')]</arg>
<arg>8s</arg>
<doc>Waits until the element ``locator`` is visible.</doc>
<status status="PASS" start="2026-03-17T18:40:26.193275" elapsed="0.440329"/>
</kw>
<msg time="2026-03-17T18:40:26.633604" level="INFO">${has_promptpay_link} = True</msg>
<var>${has_promptpay_link}</var>
<arg>Wait Until Element Is Visible</arg>
<arg>xpath=//a[contains(@href,'/profile/promptpay') and contains(normalize-space(.),'ตั้งค่าพร้อมเพย์')]</arg>
<arg>8s</arg>
<doc>Runs the specified keyword and returns the status as a Boolean value.</doc>
<status status="PASS" start="2026-03-17T18:40:26.193275" elapsed="0.440329"/>
</kw>
<if>
<branch type="IF" condition="${has_promptpay_link}">
<kw name="Click Element" owner="SeleniumLibrary">
<msg time="2026-03-17T18:40:26.633604" level="INFO">Clicking element 'xpath=//a[contains(@href,'/profile/promptpay') and contains(normalize-space(.),'ตั้งค่าพร้อมเพย์')]'.</msg>
<arg>xpath=//a[contains(@href,'/profile/promptpay') and contains(normalize-space(.),'ตั้งค่าพร้อมเพย์')]</arg>
<doc>Click the element identified by ``locator``.</doc>
<status status="PASS" start="2026-03-17T18:40:26.633604" elapsed="0.548295"/>
</kw>
<status status="PASS" start="2026-03-17T18:40:26.633604" elapsed="0.548295"/>
</branch>
<branch type="ELSE">
<kw name="Go To" owner="SeleniumLibrary">
<arg>${URL}profile/promptpay</arg>
<doc>Navigates the current browser window to the provided ``url``.</doc>
<status status="NOT RUN" start="2026-03-17T18:40:27.183165" elapsed="0.000000"/>
</kw>
<status status="NOT RUN" start="2026-03-17T18:40:27.181899" elapsed="0.001266"/>
</branch>
<status status="PASS" start="2026-03-17T18:40:26.633604" elapsed="0.549561"/>
</if>
<kw name="Wait Until Element Is Visible" owner="SeleniumLibrary">
<arg>xpath=//h1[contains(normalize-space(.),'ตั้งค่าพร้อมเพย์')]</arg>
<arg>15s</arg>
<doc>Waits until the element ``locator`` is visible.</doc>
<status status="PASS" start="2026-03-17T18:40:27.183165" elapsed="0.459302"/>
</kw>
<status status="PASS" start="2026-03-17T18:40:26.193275" elapsed="1.449192"/>
</kw>
<kw name="Set PromptPay And Save">
<kw name="Wait Until Element Is Visible" owner="SeleniumLibrary">
<arg>xpath=//label[contains(normalize-space(.),'เบอร์พร้อมเพย์')]</arg>
<arg>10s</arg>
<doc>Waits until the element ``locator`` is visible.</doc>
<status status="PASS" start="2026-03-17T18:40:27.645468" elapsed="0.468237"/>
</kw>
<kw name="Input Text" owner="SeleniumLibrary">
<msg time="2026-03-17T18:40:28.115405" level="INFO">Typing text '1234567891' into text field 'xpath=//input[@type='tel']'.</msg>
<arg>xpath=//input[@type='tel']</arg>
<arg>${PROMPTPAY_NUMBER}</arg>
<doc>Types the given ``text`` into the text field identified by ``locator``.</doc>
<status status="PASS" start="2026-03-17T18:40:28.115405" elapsed="0.814667"/>
</kw>
<kw name="Wait Until Page Contains Element" owner="SeleniumLibrary">
<arg>xpath=//input[@type='file']</arg>
<arg>10s</arg>
<doc>Waits until the element ``locator`` appears on the current page.</doc>
<status status="PASS" start="2026-03-17T18:40:28.931301" elapsed="0.234612"/>
</kw>
<kw name="Choose File" owner="SeleniumLibrary">
<msg time="2026-03-17T18:40:29.168535" level="INFO">Sending C:\PaiNamNaeWebApp\selenium-screenshot-1.png to browser.</msg>
<arg>xpath=//input[@type='file']</arg>
<arg>${QR_FILE}</arg>
<doc>Inputs the ``file_path`` into the file input field ``locator``.</doc>
<status status="PASS" start="2026-03-17T18:40:29.167249" elapsed="0.481797"/>
</kw>
<kw name="Wait Until Element Is Visible" owner="SeleniumLibrary">
<arg>xpath=//button[contains(normalize-space(.),'บันทึก')]</arg>
<arg>10s</arg>
<doc>Waits until the element ``locator`` is visible.</doc>
<status status="PASS" start="2026-03-17T18:40:29.649511" elapsed="0.465793"/>
</kw>
<kw name="Click Button" owner="SeleniumLibrary">
<msg time="2026-03-17T18:40:30.115919" level="INFO">Clicking button 'xpath=//button[contains(normalize-space(.),'บันทึก')]'.</msg>
<arg>xpath=//button[contains(normalize-space(.),'บันทึก')]</arg>
<doc>Clicks the button identified by ``locator``.</doc>
<status status="PASS" start="2026-03-17T18:40:30.115919" elapsed="1.196602"/>
</kw>
<kw name="Run Keyword And Return Status" owner="BuiltIn">
<kw name="Wait Until Page Contains" owner="SeleniumLibrary">
<arg>สำเร็จ</arg>
<arg>20s</arg>
<doc>Waits until ``text`` appears on the current page.</doc>
<status status="PASS" start="2026-03-17T18:40:31.315761" elapsed="1.998497"/>
</kw>
<msg time="2026-03-17T18:40:33.315940" level="INFO">${toast_title} = True</msg>
<var>${toast_title}</var>
<arg>Wait Until Page Contains</arg>
<arg>สำเร็จ</arg>
<arg>20s</arg>
<doc>Runs the specified keyword and returns the status as a Boolean value.</doc>
<status status="PASS" start="2026-03-17T18:40:31.313723" elapsed="2.003249"/>
</kw>
<kw name="Run Keyword And Return Status" owner="BuiltIn">
<kw name="Wait Until Page Contains" owner="SeleniumLibrary">
<msg time="2026-03-17T18:40:54.015754" level="INFO" html="true">&lt;/td&gt;&lt;/tr&gt;&lt;tr&gt;&lt;td colspan="3"&gt;&lt;a href="selenium-screenshot-36.png"&gt;&lt;img src="selenium-screenshot-36.png" width="800px"&gt;&lt;/a&gt;</msg>
<msg time="2026-03-17T18:40:54.015754" level="FAIL">Text 'บันทึกข้อมูลสำเร็จ' did not appear in 20 seconds.</msg>
<arg>บันทึกข้อมูลสำเร็จ</arg>
<arg>20s</arg>
<doc>Waits until ``text`` appears on the current page.</doc>
<status status="FAIL" start="2026-03-17T18:40:33.319513" elapsed="20.696241">Text 'บันทึกข้อมูลสำเร็จ' did not appear in 20 seconds.</status>
</kw>
<msg time="2026-03-17T18:40:54.015754" level="INFO">${toast_msg_exact} = False</msg>
<var>${toast_msg_exact}</var>
<arg>Wait Until Page Contains</arg>
<arg>บันทึกข้อมูลสำเร็จ</arg>
<arg>20s</arg>
<doc>Runs the specified keyword and returns the status as a Boolean value.</doc>
<status status="PASS" start="2026-03-17T18:40:33.318521" elapsed="20.697233"/>
</kw>
<kw name="Run Keyword And Return Status" owner="BuiltIn">
<kw name="Wait Until Page Contains" owner="SeleniumLibrary">
<msg time="2026-03-17T18:41:14.718208" level="INFO" html="true">&lt;/td&gt;&lt;/tr&gt;&lt;tr&gt;&lt;td colspan="3"&gt;&lt;a href="selenium-screenshot-37.png"&gt;&lt;img src="selenium-screenshot-37.png" width="800px"&gt;&lt;/a&gt;</msg>
<msg time="2026-03-17T18:41:14.718208" level="FAIL">Text 'บันทึกข้อมูลพร้อมเพย์แล้ว' did not appear in 20 seconds.</msg>
<arg>บันทึกข้อมูลพร้อมเพย์แล้ว</arg>
<arg>20s</arg>
<doc>Waits until ``text`` appears on the current page.</doc>
<status status="FAIL" start="2026-03-17T18:40:54.015754" elapsed="20.702454">Text 'บันทึกข้อมูลพร้อมเพย์แล้ว' did not appear in 20 seconds.</status>
</kw>
<msg time="2026-03-17T18:41:14.719207" level="INFO">${toast_msg_actual} = False</msg>
<var>${toast_msg_actual}</var>
<arg>Wait Until Page Contains</arg>
<arg>บันทึกข้อมูลพร้อมเพย์แล้ว</arg>
<arg>20s</arg>
<doc>Runs the specified keyword and returns the status as a Boolean value.</doc>
<status status="PASS" start="2026-03-17T18:40:54.015754" elapsed="20.703453"/>
</kw>
<if>
<branch type="IF" condition="not ${toast_title}">
<kw name="Fail" owner="BuiltIn">
<arg>ไม่พบข้อความสำเร็จหลังบันทึกพร้อมเพย์</arg>
<doc>Fails the test with the given message and optionally alters its tags.</doc>
<status status="NOT RUN" start="2026-03-17T18:41:14.720207" elapsed="0.000000"/>
</kw>
<status status="NOT RUN" start="2026-03-17T18:41:14.720207" elapsed="0.000000"/>
</branch>
<status status="PASS" start="2026-03-17T18:41:14.720207" elapsed="0.000000"/>
</if>
<if>
<branch type="IF" condition="not ${toast_msg_exact} and not ${toast_msg_actual}">
<kw name="Fail" owner="BuiltIn">
<msg time="2026-03-17T18:41:14.722218" level="FAIL">ไม่พบข้อความยืนยันการบันทึกข้อมูลพร้อมเพย์</msg>
<arg>ไม่พบข้อความยืนยันการบันทึกข้อมูลพร้อมเพย์</arg>
<doc>Fails the test with the given message and optionally alters its tags.</doc>
<status status="FAIL" start="2026-03-17T18:41:14.721207" elapsed="0.001011">ไม่พบข้อความยืนยันการบันทึกข้อมูลพร้อมเพย์</status>
</kw>
<status status="FAIL" start="2026-03-17T18:41:14.720207" elapsed="0.002011">ไม่พบข้อความยืนยันการบันทึกข้อมูลพร้อมเพย์</status>
</branch>
<status status="FAIL" start="2026-03-17T18:41:14.720207" elapsed="0.002011">ไม่พบข้อความยืนยันการบันทึกข้อมูลพร้อมเพย์</status>
</if>
<status status="FAIL" start="2026-03-17T18:40:27.644452" elapsed="47.078742">ไม่พบข้อความยืนยันการบันทึกข้อมูลพร้อมเพย์</status>
</kw>
<kw name="Capture Screenshot With Test Name" type="TEARDOWN">
<kw name="Set Variable" owner="BuiltIn">
<msg time="2026-03-17T18:41:14.725207" level="INFO">${testname} = TC14 Driver Set PromptPay Successfully</msg>
<var>${testname}</var>
<arg>${TEST NAME}</arg>
<doc>Returns the given values which can then be assigned to a variables.</doc>
<status status="PASS" start="2026-03-17T18:41:14.724208" elapsed="0.000999"/>
</kw>
<kw name="Capture Page Screenshot" owner="SeleniumLibrary">
<msg time="2026-03-17T18:41:15.034533" level="INFO" html="true">&lt;/td&gt;&lt;/tr&gt;&lt;tr&gt;&lt;td colspan="3"&gt;&lt;a href="TC14%20Driver%20Set%20PromptPay%20Successfully.png"&gt;&lt;img src="TC14%20Driver%20Set%20PromptPay%20Successfully.png" width="800px"&gt;&lt;/a&gt;</msg>
<arg>${testname}.png</arg>
<doc>Takes a screenshot of the current page and embeds it into a log file.</doc>
<status status="PASS" start="2026-03-17T18:41:14.726207" elapsed="0.308326"/>
</kw>
<status status="PASS" start="2026-03-17T18:41:14.724208" elapsed="0.310626"/>
</kw>
<status status="FAIL" start="2026-03-17T18:40:06.735726" elapsed="68.317210">ไม่พบข้อความยืนยันการบันทึกข้อมูลพร้อมเพย์</status>
</test>
<kw name="Close All Browsers" owner="SeleniumLibrary" type="TEARDOWN">
<doc>Closes all open browsers and resets the browser cache.</doc>
<status status="PASS" start="2026-03-17T18:41:15.118331" elapsed="2.360722"/>
</kw>
<status status="FAIL" start="2026-03-17T18:40:06.550203" elapsed="70.928850"/>
</suite>
<statistics>
<total>
<stat pass="0" fail="1" skip="0">All Tests</stat>
</total>
<tag>
</tag>
<suite>
<stat name="Test TC14" id="s1" pass="0" fail="1" skip="0">Test TC14</stat>
</suite>
</statistics>
<errors>
</errors>
</robot>
