<?xml version="1.0" encoding="UTF-8"?>
<robot generator="Robot 7.4.1 (Python 3.10.8 on win32)" generated="2026-03-17T15:13:01.553164" rpa="false" schemaversion="5">
<suite id="s1" name="Test TC3" source="C:\PaiNamNaeWebApp\Sprint3\code\test\Test TC3.robot">
<test id="s1-t1" name="TC3 Driver Create Route Successfully" line="29">
<kw name="Open Browser" owner="SeleniumLibrary">
<msg time="2026-03-17T15:13:01.732762" level="INFO">Opening browser 'chrome' to base url 'https://csse4569.cpkku.com/'.</msg>
<arg>${URL}</arg>
<arg>${BROWSER}</arg>
<doc>Opens a new browser instance to the optional ``url``.</doc>
<status status="PASS" start="2026-03-17T15:13:01.732240" elapsed="1.429874"/>
</kw>
<kw name="Maximize Browser Window" owner="SeleniumLibrary">
<doc>Maximizes current browser window.</doc>
<status status="PASS" start="2026-03-17T15:13:03.163111" elapsed="0.041963"/>
</kw>
<kw name="Set Selenium Speed" owner="SeleniumLibrary">
<arg>0.2s</arg>
<doc>Sets the delay that is waited after each Selenium command.</doc>
<status status="PASS" start="2026-03-17T15:13:03.206075" elapsed="0.000999"/>
</kw>
<kw name="Wait Until Element Is Visible" owner="SeleniumLibrary">
<arg>xpath=//a[@href='/login' or contains(.,'เข้าสู่ระบบ')]</arg>
<arg>10s</arg>
<doc>Waits until the element ``locator`` is visible.</doc>
<status status="PASS" start="2026-03-17T15:13:03.208075" elapsed="0.576568"/>
</kw>
<kw name="Click Element" owner="SeleniumLibrary">
<msg time="2026-03-17T15:13:03.784643" level="INFO">Clicking element 'xpath=//a[@href='/login' or contains(.,'เข้าสู่ระบบ')]'.</msg>
<arg>xpath=//a[@href='/login' or contains(.,'เข้าสู่ระบบ')]</arg>
<doc>Click the element identified by ``locator``.</doc>
<status status="PASS" start="2026-03-17T15:13:03.784643" elapsed="0.551562"/>
</kw>
<kw name="Wait Until Element Is Visible" owner="SeleniumLibrary">
<arg>id=identifier</arg>
<arg>10s</arg>
<doc>Waits until the element ``locator`` is visible.</doc>
<status status="PASS" start="2026-03-17T15:13:04.338374" elapsed="0.430125"/>
</kw>
<kw name="Input Text" owner="SeleniumLibrary">
<msg time="2026-03-17T15:13:04.768499" level="INFO">Typing text 'sitananyjjk13@gmail.com' into text field 'id=identifier'.</msg>
<arg>id=identifier</arg>
<arg>${DRIVER_EMAIL}</arg>
<doc>Types the given ``text`` into the text field identified by ``locator``.</doc>
<status status="PASS" start="2026-03-17T15:13:04.768499" elapsed="0.727143"/>
</kw>
<kw name="Input Text" owner="SeleniumLibrary">
<msg time="2026-03-17T15:13:05.495642" level="INFO">Typing text 'Ching13082547' into text field 'id=password'.</msg>
<arg>id=password</arg>
<arg>${DRIVER_PASS}</arg>
<doc>Types the given ``text`` into the text field identified by ``locator``.</doc>
<status status="PASS" start="2026-03-17T15:13:05.495642" elapsed="0.749551"/>
</kw>
<kw name="Click Button" owner="SeleniumLibrary">
<msg time="2026-03-17T15:13:06.245853" level="INFO">Clicking button 'xpath=//form[@id='loginForm']//button[@type='submit']'.</msg>
<arg>xpath=//form[@id='loginForm']//button[@type='submit']</arg>
<doc>Clicks the button identified by ``locator``.</doc>
<status status="PASS" start="2026-03-17T15:13:06.245853" elapsed="1.191779"/>
</kw>
<kw name="Wait Until Page Contains Element" owner="SeleniumLibrary">
<arg>xpath=//a[@href='/createTrip' and contains(.,'สร้างเส้นทาง')]</arg>
<arg>10s</arg>
<doc>Waits until the element ``locator`` appears on the current page.</doc>
<status status="PASS" start="2026-03-17T15:13:07.439644" elapsed="0.672171"/>
</kw>
<kw name="Click Element" owner="SeleniumLibrary">
<msg time="2026-03-17T15:13:08.111815" level="INFO">Clicking element 'xpath=//a[@href='/createTrip' and contains(.,'สร้างเส้นทาง')]'.</msg>
<arg>xpath=//a[@href='/createTrip' and contains(.,'สร้างเส้นทาง')]</arg>
<doc>Click the element identified by ``locator``.</doc>
<status status="PASS" start="2026-03-17T15:13:08.111815" elapsed="0.492045"/>
</kw>
<kw name="Wait Until Element Is Visible" owner="SeleniumLibrary">
<arg>id=startPoint</arg>
<arg>10s</arg>
<doc>Waits until the element ``locator`` is visible.</doc>
<status status="PASS" start="2026-03-17T15:13:08.606859" elapsed="0.436927"/>
</kw>
<kw name="Input Text" owner="SeleniumLibrary">
<msg time="2026-03-17T15:13:09.043786" level="INFO">Typing text 'ขอนแก่น' into text field 'id=startPoint'.</msg>
<arg>id=startPoint</arg>
<arg>ขอนแก่น</arg>
<doc>Types the given ``text`` into the text field identified by ``locator``.</doc>
<status status="PASS" start="2026-03-17T15:13:09.043786" elapsed="0.751839"/>
</kw>
<kw name="Run Keyword And Ignore Error" owner="BuiltIn">
<kw name="Wait Until Element Is Visible" owner="SeleniumLibrary">
<arg>xpath=(//div[contains(@class,'pac-item')])[1]</arg>
<arg>3s</arg>
<doc>Waits until the element ``locator`` is visible.</doc>
<status status="PASS" start="2026-03-17T15:13:09.795625" elapsed="0.850675"/>
</kw>
<arg>Wait Until Element Is Visible</arg>
<arg>xpath=(//div[contains(@class,'pac-item')])[1]</arg>
<arg>3s</arg>
<doc>Runs the given keyword with the given arguments and ignores possible error.</doc>
<status status="PASS" start="2026-03-17T15:13:09.795625" elapsed="0.850675"/>
</kw>
<kw name="Run Keyword And Ignore Error" owner="BuiltIn">
<kw name="Click Element" owner="SeleniumLibrary">
<msg time="2026-03-17T15:13:10.647074" level="INFO">Clicking element 'xpath=(//div[contains(@class,'pac-item')])[1]'.</msg>
<arg>xpath=(//div[contains(@class,'pac-item')])[1]</arg>
<doc>Click the element identified by ``locator``.</doc>
<status status="PASS" start="2026-03-17T15:13:10.647074" elapsed="0.506426"/>
</kw>
<arg>Click Element</arg>
<arg>xpath=(//div[contains(@class,'pac-item')])[1]</arg>
<doc>Runs the given keyword with the given arguments and ignores possible error.</doc>
<status status="PASS" start="2026-03-17T15:13:10.647074" elapsed="0.506426"/>
</kw>
<kw name="Press Keys" owner="SeleniumLibrary">
<msg time="2026-03-17T15:13:11.154381" level="INFO">Sending key(s) ('TAB',) to id=startPoint element.</msg>
<msg time="2026-03-17T15:13:11.861986" level="INFO">Pressing special key TAB to element.</msg>
<msg time="2026-03-17T15:13:11.861986" level="INFO">Releasing special key TAB.</msg>
<arg>id=startPoint</arg>
<arg>TAB</arg>
<doc>Simulates the user pressing key(s) to an element or on the active browser.</doc>
<status status="PASS" start="2026-03-17T15:13:11.154381" elapsed="0.925380"/>
</kw>
<kw name="Input Text" owner="SeleniumLibrary">
<msg time="2026-03-17T15:13:12.079761" level="INFO">Typing text 'โคราช' into text field 'id=endPoint'.</msg>
<arg>id=endPoint</arg>
<arg>โคราช</arg>
<doc>Types the given ``text`` into the text field identified by ``locator``.</doc>
<status status="PASS" start="2026-03-17T15:13:12.079761" elapsed="0.772884"/>
</kw>
<kw name="Run Keyword And Ignore Error" owner="BuiltIn">
<kw name="Wait Until Element Is Visible" owner="SeleniumLibrary">
<arg>xpath=(//div[contains(@class,'pac-item')])[1]</arg>
<arg>3s</arg>
<doc>Waits until the element ``locator`` is visible.</doc>
<status status="PASS" start="2026-03-17T15:13:12.853054" elapsed="0.447156"/>
</kw>
<arg>Wait Until Element Is Visible</arg>
<arg>xpath=(//div[contains(@class,'pac-item')])[1]</arg>
<arg>3s</arg>
<doc>Runs the given keyword with the given arguments and ignores possible error.</doc>
<status status="PASS" start="2026-03-17T15:13:12.853054" elapsed="0.447156"/>
</kw>
<kw name="Run Keyword And Ignore Error" owner="BuiltIn">
<kw name="Click Element" owner="SeleniumLibrary">
<msg time="2026-03-17T15:13:13.300210" level="INFO">Clicking element 'xpath=(//div[contains(@class,'pac-item')])[1]'.</msg>
<arg>xpath=(//div[contains(@class,'pac-item')])[1]</arg>
<doc>Click the element identified by ``locator``.</doc>
<status status="PASS" start="2026-03-17T15:13:13.300210" elapsed="0.526508"/>
</kw>
<arg>Click Element</arg>
<arg>xpath=(//div[contains(@class,'pac-item')])[1]</arg>
<doc>Runs the given keyword with the given arguments and ignores possible error.</doc>
<status status="PASS" start="2026-03-17T15:13:13.300210" elapsed="0.526508"/>
</kw>
<kw name="Press Keys" owner="SeleniumLibrary">
<msg time="2026-03-17T15:13:13.826718" level="INFO">Sending key(s) ('TAB',) to id=endPoint element.</msg>
<msg time="2026-03-17T15:13:14.544294" level="INFO">Pressing special key TAB to element.</msg>
<msg time="2026-03-17T15:13:14.544294" level="INFO">Releasing special key TAB.</msg>
<arg>id=endPoint</arg>
<arg>TAB</arg>
<doc>Simulates the user pressing key(s) to an element or on the active browser.</doc>
<status status="PASS" start="2026-03-17T15:13:13.826718" elapsed="0.936487"/>
</kw>
<kw name="Click Element" owner="SeleniumLibrary">
<msg time="2026-03-17T15:13:14.763205" level="INFO">Clicking element 'xpath=//form[@id='postRouteForm']//button[@type='button' and contains(.,'เพิ่มจุดแวะ')]'.</msg>
<arg>xpath=//form[@id='postRouteForm']//button[@type='button' and contains(.,'เพิ่มจุดแวะ')]</arg>
<doc>Click the element identified by ``locator``.</doc>
<status status="PASS" start="2026-03-17T15:13:14.763205" elapsed="0.481664"/>
</kw>
<kw name="Input Text" owner="SeleniumLibrary">
<msg time="2026-03-17T15:13:15.244869" level="INFO">Typing text 'ชัยภูมิ' into text field 'xpath=//form[@id='postRouteForm']//input[contains(@placeholder,'(#1)')]'.</msg>
<arg>xpath=//form[@id='postRouteForm']//input[contains(@placeholder,'(#1)')]</arg>
<arg>ชัยภูมิ</arg>
<doc>Types the given ``text`` into the text field identified by ``locator``.</doc>
<status status="PASS" start="2026-03-17T15:13:15.244869" elapsed="0.755188"/>
</kw>
<kw name="Run Keyword And Ignore Error" owner="BuiltIn">
<kw name="Wait Until Element Is Visible" owner="SeleniumLibrary">
<arg>xpath=(//div[contains(@class,'pac-item')])[1]</arg>
<arg>3s</arg>
<doc>Waits until the element ``locator`` is visible.</doc>
<status status="PASS" start="2026-03-17T15:13:16.001058" elapsed="0.447878"/>
</kw>
<arg>Wait Until Element Is Visible</arg>
<arg>xpath=(//div[contains(@class,'pac-item')])[1]</arg>
<arg>3s</arg>
<doc>Runs the given keyword with the given arguments and ignores possible error.</doc>
<status status="PASS" start="2026-03-17T15:13:16.001058" elapsed="0.447878"/>
</kw>
<kw name="Run Keyword And Ignore Error" owner="BuiltIn">
<kw name="Click Element" owner="SeleniumLibrary">
<msg time="2026-03-17T15:13:16.448936" level="INFO">Clicking element 'xpath=(//div[contains(@class,'pac-item')])[1]'.</msg>
<arg>xpath=(//div[contains(@class,'pac-item')])[1]</arg>
<doc>Click the element identified by ``locator``.</doc>
<status status="PASS" start="2026-03-17T15:13:16.448936" elapsed="0.463363"/>
</kw>
<arg>Click Element</arg>
<arg>xpath=(//div[contains(@class,'pac-item')])[1]</arg>
<doc>Runs the given keyword with the given arguments and ignores possible error.</doc>
<status status="PASS" start="2026-03-17T15:13:16.448936" elapsed="0.463363"/>
</kw>
<kw name="Press Keys" owner="SeleniumLibrary">
<msg time="2026-03-17T15:13:16.913325" level="INFO">Sending key(s) ('TAB',) to xpath=//form[@id='postRouteForm']//input[contains(@placeholder,'(#1)')] element.</msg>
<msg time="2026-03-17T15:13:17.638525" level="INFO">Pressing special key TAB to element.</msg>
<msg time="2026-03-17T15:13:17.639930" level="INFO">Releasing special key TAB.</msg>
<arg>xpath=//form[@id='postRouteForm']//input[contains(@placeholder,'(#1)')]</arg>
<arg>TAB</arg>
<doc>Simulates the user pressing key(s) to an element or on the active browser.</doc>
<status status="PASS" start="2026-03-17T15:13:16.913325" elapsed="0.957835"/>
</kw>
<kw name="Click Element" owner="SeleniumLibrary">
<msg time="2026-03-17T15:13:17.874172" level="INFO">Clicking element 'xpath=//form[@id='postRouteForm']//button[@type='button' and contains(.,'เพิ่มจุดแวะ')]'.</msg>
<arg>xpath=//form[@id='postRouteForm']//button[@type='button' and contains(.,'เพิ่มจุดแวะ')]</arg>
<doc>Click the element identified by ``locator``.</doc>
<status status="PASS" start="2026-03-17T15:13:17.874172" elapsed="0.505500"/>
</kw>
<kw name="Input Text" owner="SeleniumLibrary">
<msg time="2026-03-17T15:13:18.383470" level="INFO">Typing text 'นครราชสีมา' into text field 'xpath=//form[@id='postRouteForm']//input[contains(@placeholder,'(#2)')]'.</msg>
<arg>xpath=//form[@id='postRouteForm']//input[contains(@placeholder,'(#2)')]</arg>
<arg>นครราชสีมา</arg>
<doc>Types the given ``text`` into the text field identified by ``locator``.</doc>
<status status="PASS" start="2026-03-17T15:13:18.379672" elapsed="0.754366"/>
</kw>
<kw name="Run Keyword And Ignore Error" owner="BuiltIn">
<kw name="Wait Until Element Is Visible" owner="SeleniumLibrary">
<arg>xpath=(//div[contains(@class,'pac-item')])[1]</arg>
<arg>3s</arg>
<doc>Waits until the element ``locator`` is visible.</doc>
<status status="PASS" start="2026-03-17T15:13:19.136029" elapsed="0.446318"/>
</kw>
<arg>Wait Until Element Is Visible</arg>
<arg>xpath=(//div[contains(@class,'pac-item')])[1]</arg>
<arg>3s</arg>
<doc>Runs the given keyword with the given arguments and ignores possible error.</doc>
<status status="PASS" start="2026-03-17T15:13:19.135028" elapsed="0.448341"/>
</kw>
<kw name="Run Keyword And Ignore Error" owner="BuiltIn">
<kw name="Click Element" owner="SeleniumLibrary">
<msg time="2026-03-17T15:13:19.583369" level="INFO">Clicking element 'xpath=(//div[contains(@class,'pac-item')])[1]'.</msg>
<arg>xpath=(//div[contains(@class,'pac-item')])[1]</arg>
<doc>Click the element identified by ``locator``.</doc>
<status status="PASS" start="2026-03-17T15:13:19.583369" elapsed="0.528609"/>
</kw>
<arg>Click Element</arg>
<arg>xpath=(//div[contains(@class,'pac-item')])[1]</arg>
<doc>Runs the given keyword with the given arguments and ignores possible error.</doc>
<status status="PASS" start="2026-03-17T15:13:19.583369" elapsed="0.528609"/>
</kw>
<kw name="Press Keys" owner="SeleniumLibrary">
<msg time="2026-03-17T15:13:20.113009" level="INFO">Sending key(s) ('TAB',) to xpath=//form[@id='postRouteForm']//input[contains(@placeholder,'(#2)')] element.</msg>
<msg time="2026-03-17T15:13:20.826867" level="INFO">Pressing special key TAB to element.</msg>
<msg time="2026-03-17T15:13:20.826867" level="INFO">Releasing special key TAB.</msg>
<arg>xpath=//form[@id='postRouteForm']//input[contains(@placeholder,'(#2)')]</arg>
<arg>TAB</arg>
<doc>Simulates the user pressing key(s) to an element or on the active browser.</doc>
<status status="PASS" start="2026-03-17T15:13:20.113009" elapsed="0.941799"/>
</kw>
<kw name="Run Keyword And Ignore Error" owner="BuiltIn">
<kw name="Input Text" owner="SeleniumLibrary">
<msg time="2026-03-17T15:13:21.054808" level="INFO">Typing text '10/12/2026' into text field 'id=travelDate'.</msg>
<arg>id=travelDate</arg>
<arg>${TRIP_DATE_UI}</arg>
<doc>Types the given ``text`` into the text field identified by ``locator``.</doc>
<status status="PASS" start="2026-03-17T15:13:21.054808" elapsed="0.858489"/>
</kw>
<msg time="2026-03-17T15:13:21.913297" level="INFO">${date_status} = PASS</msg>
<msg time="2026-03-17T15:13:21.913297" level="INFO">${date_msg} = None</msg>
<var>${date_status}</var>
<var>${date_msg}</var>
<arg>Input Text</arg>
<arg>id=travelDate</arg>
<arg>${TRIP_DATE_UI}</arg>
<doc>Runs the given keyword with the given arguments and ignores possible error.</doc>
<status status="PASS" start="2026-03-17T15:13:21.054808" elapsed="0.858489"/>
</kw>
<kw name="Run Keyword If" owner="BuiltIn">
<arg>'${date_status}'=='FAIL'</arg>
<arg>Input Text</arg>
<arg>id=travelDate</arg>
<arg>${TRIP_DATE_ISO}</arg>
<doc>Runs the given keyword with the given arguments, if ``condition`` is true.</doc>
<status status="PASS" start="2026-03-17T15:13:21.913297" elapsed="0.000000"/>
</kw>
<kw name="Input Text" owner="SeleniumLibrary">
<msg time="2026-03-17T15:13:21.913297" level="INFO">Typing text '17:00' into text field 'id=travelTime'.</msg>
<arg>id=travelTime</arg>
<arg>17:00</arg>
<doc>Types the given ``text`` into the text field identified by ``locator``.</doc>
<status status="PASS" start="2026-03-17T15:13:21.913297" elapsed="0.732914"/>
</kw>
<kw name="Input Text" owner="SeleniumLibrary">
<msg time="2026-03-17T15:13:22.647409" level="INFO">Typing text '4' into text field 'id=seatCount'.</msg>
<arg>id=seatCount</arg>
<arg>4</arg>
<doc>Types the given ``text`` into the text field identified by ``locator``.</doc>
<status status="PASS" start="2026-03-17T15:13:22.647409" elapsed="0.747412"/>
</kw>
<kw name="Input Text" owner="SeleniumLibrary">
<msg time="2026-03-17T15:13:23.394821" level="INFO">Typing text '250' into text field 'id=pricePerSeat'.</msg>
<arg>id=pricePerSeat</arg>
<arg>250</arg>
<doc>Types the given ``text`` into the text field identified by ``locator``.</doc>
<status status="PASS" start="2026-03-17T15:13:23.394821" elapsed="0.734792"/>
</kw>
<kw name="Wait Until Element Is Visible" owner="SeleniumLibrary">
<arg>xpath=//button[@type='button' and contains(.,'เพิ่ม / จัดการข้อมูล')]</arg>
<arg>8s</arg>
<doc>Waits until the element ``locator`` is visible.</doc>
<status status="PASS" start="2026-03-17T15:13:24.129613" elapsed="0.447328"/>
</kw>
<kw name="Click Element" owner="SeleniumLibrary">
<msg time="2026-03-17T15:13:24.576941" level="INFO">Clicking element 'xpath=//button[@type='button' and contains(.,'เพิ่ม / จัดการข้อมูล')]'.</msg>
<arg>xpath=//button[@type='button' and contains(.,'เพิ่ม / จัดการข้อมูล')]</arg>
<doc>Click the element identified by ``locator``.</doc>
<status status="PASS" start="2026-03-17T15:13:24.576941" elapsed="0.512718"/>
</kw>
<kw name="Wait Until Element Is Visible" owner="SeleniumLibrary">
<arg>xpath=//button[contains(.,'เพิ่มรถยนต์คันใหม่')]</arg>
<arg>8s</arg>
<doc>Waits until the element ``locator`` is visible.</doc>
<status status="PASS" start="2026-03-17T15:13:25.093136" elapsed="0.473772"/>
</kw>
<kw name="Click Element" owner="SeleniumLibrary">
<msg time="2026-03-17T15:13:25.566908" level="INFO">Clicking element 'xpath=//button[contains(.,'เพิ่มรถยนต์คันใหม่')]'.</msg>
<arg>xpath=//button[contains(.,'เพิ่มรถยนต์คันใหม่')]</arg>
<doc>Click the element identified by ``locator``.</doc>
<status status="PASS" start="2026-03-17T15:13:25.566908" elapsed="0.576223"/>
</kw>
<kw name="Wait Until Element Is Visible" owner="SeleniumLibrary">
<arg>xpath=//input[contains(@placeholder,'Toyota Camry')]</arg>
<arg>8s</arg>
<doc>Waits until the element ``locator`` is visible.</doc>
<status status="PASS" start="2026-03-17T15:13:26.143131" elapsed="0.477580"/>
</kw>
<kw name="Input Text" owner="SeleniumLibrary">
<msg time="2026-03-17T15:13:26.623236" level="INFO">Typing text 'Toyota Camry' into text field 'xpath=//input[contains(@placeholder,'Toyota Camry')]'.</msg>
<arg>xpath=//input[contains(@placeholder,'Toyota Camry')]</arg>
<arg>Toyota Camry</arg>
<doc>Types the given ``text`` into the text field identified by ``locator``.</doc>
<status status="PASS" start="2026-03-17T15:13:26.623236" elapsed="0.748156"/>
</kw>
<kw name="Input Text" owner="SeleniumLibrary">
<msg time="2026-03-17T15:13:27.374948" level="INFO">Typing text 'กก 1234 ขอนแก่น' into text field 'xpath=//input[contains(@placeholder,'กก 1234 ขอนแก่น')]'.</msg>
<arg>xpath=//input[contains(@placeholder,'กก 1234 ขอนแก่น')]</arg>
<arg>กก 1234 ขอนแก่น</arg>
<doc>Types the given ``text`` into the text field identified by ``locator``.</doc>
<status status="PASS" start="2026-03-17T15:13:27.373948" elapsed="0.760186"/>
</kw>
<kw name="Select From List By Label" owner="SeleniumLibrary">
<msg time="2026-03-17T15:13:28.134735" level="INFO">Selecting options from selection list 'xpath=//select[contains(@class,'form-input')]' by label Sedan.</msg>
<arg>xpath=//select[contains(@class,'form-input')]</arg>
<arg>Sedan</arg>
<doc>Selects options from selection list ``locator`` by ``labels``.</doc>
<status status="PASS" start="2026-03-17T15:13:28.134735" elapsed="2.419530"/>
</kw>
<kw name="Input Text" owner="SeleniumLibrary">
<msg time="2026-03-17T15:13:30.556307" level="INFO">Typing text 'สีดำ' into text field 'xpath=//input[contains(@placeholder,'เช่น สีดำ')]'.</msg>
<arg>xpath=//input[contains(@placeholder,'เช่น สีดำ')]</arg>
<arg>สีดำ</arg>
<doc>Types the given ``text`` into the text field identified by ``locator``.</doc>
<status status="PASS" start="2026-03-17T15:13:30.556307" elapsed="0.744746"/>
</kw>
<kw name="Input Text" owner="SeleniumLibrary">
<msg time="2026-03-17T15:13:31.304588" level="INFO">Typing text '3' into text field 'xpath=//input[@type='number' and contains(@placeholder,'เช่น 4')]'.</msg>
<arg>xpath=//input[@type='number' and contains(@placeholder,'เช่น 4')]</arg>
<arg>3</arg>
<doc>Types the given ``text`` into the text field identified by ``locator``.</doc>
<status status="PASS" start="2026-03-17T15:13:31.303045" elapsed="0.742047"/>
</kw>
<kw name="Input Text" owner="SeleniumLibrary">
<msg time="2026-03-17T15:13:32.045092" level="INFO">Typing text 'Air, Music' into text field 'xpath=//input[contains(@placeholder,'Air Conditioner')]'.</msg>
<arg>xpath=//input[contains(@placeholder,'Air Conditioner')]</arg>
<arg>Air, Music</arg>
<doc>Types the given ``text`` into the text field identified by ``locator``.</doc>
<status status="PASS" start="2026-03-17T15:13:32.045092" elapsed="0.813584"/>
</kw>
<kw name="Wait Until Page Contains Element" owner="SeleniumLibrary">
<arg>xpath=(//div[contains(@class,'modal-overlay')]//input[@type='file'])[1]</arg>
<arg>8s</arg>
<doc>Waits until the element ``locator`` appears on the current page.</doc>
<status status="PASS" start="2026-03-17T15:13:32.861666" elapsed="0.232433"/>
</kw>
<kw name="Choose File" owner="SeleniumLibrary">
<msg time="2026-03-17T15:13:33.094099" level="INFO">Sending C:\PaiNamNaeWebApp\Sprint3\code\test\pic\test.png to browser.</msg>
<arg>xpath=(//div[contains(@class,'modal-overlay')]//input[@type='file'])[1]</arg>
<arg>C:\\PaiNamNaeWebApp\\Sprint3\\code\\test/pic/test.png</arg>
<doc>Inputs the ``file_path`` into the file input field ``locator``.</doc>
<status status="PASS" start="2026-03-17T15:13:33.094099" elapsed="0.474985"/>
</kw>
<kw name="Choose File" owner="SeleniumLibrary">
<msg time="2026-03-17T15:13:33.569084" level="INFO">Sending C:\PaiNamNaeWebApp\Sprint3\code\test\pic\test.png to browser.</msg>
<arg>xpath=(//div[contains(@class,'modal-overlay')]//input[@type='file'])[2]</arg>
<arg>C:\\PaiNamNaeWebApp\\Sprint3\\code\\test/pic/test.png</arg>
<doc>Inputs the ``file_path`` into the file input field ``locator``.</doc>
<status status="PASS" start="2026-03-17T15:13:33.569084" elapsed="0.481075"/>
</kw>
<kw name="Choose File" owner="SeleniumLibrary">
<msg time="2026-03-17T15:13:34.050159" level="INFO">Sending C:\PaiNamNaeWebApp\Sprint3\code\test\pic\test.png to browser.</msg>
<arg>xpath=(//div[contains(@class,'modal-overlay')]//input[@type='file'])[3]</arg>
<arg>C:\\PaiNamNaeWebApp\\Sprint3\\code\\test/pic/test.png</arg>
<doc>Inputs the ``file_path`` into the file input field ``locator``.</doc>
<status status="PASS" start="2026-03-17T15:13:34.050159" elapsed="0.494760"/>
</kw>
<kw name="Select Checkbox" owner="SeleniumLibrary">
<msg time="2026-03-17T15:13:34.544919" level="INFO">Selecting checkbox 'id=isDefault'.</msg>
<arg>id=isDefault</arg>
<doc>Selects the checkbox identified by ``locator``.</doc>
<status status="PASS" start="2026-03-17T15:13:34.544919" elapsed="1.190137"/>
</kw>
<kw name="Click Button" owner="SeleniumLibrary">
<msg time="2026-03-17T15:13:35.737545" level="INFO">Clicking button 'xpath=//div[contains(@class,'modal-overlay')]//button[@type='submit' and contains(.,'บันทึก')]'.</msg>
<arg>xpath=//div[contains(@class,'modal-overlay')]//button[@type='submit' and contains(.,'บันทึก')]</arg>
<doc>Clicks the button identified by ``locator``.</doc>
<status status="PASS" start="2026-03-17T15:13:35.736541" elapsed="1.180629"/>
</kw>
<kw name="Run Keyword And Return Status" owner="BuiltIn">
<kw name="Wait Until Element Is Visible" owner="SeleniumLibrary">
<msg time="2026-03-17T15:13:42.429033" level="INFO" html="true">&lt;/td&gt;&lt;/tr&gt;&lt;tr&gt;&lt;td colspan="3"&gt;&lt;a href="selenium-screenshot-1.png"&gt;&lt;img src="selenium-screenshot-1.png" width="800px"&gt;&lt;/a&gt;</msg>
<msg time="2026-03-17T15:13:42.429033" level="FAIL">Element 'xpath=//div[contains(@class,'modal-overlay')]//button[contains(.,'ยืนยัน')]' not visible after 5 seconds.</msg>
<arg>xpath=//div[contains(@class,'modal-overlay')]//button[contains(.,'ยืนยัน')]</arg>
<arg>5s</arg>
<doc>Waits until the element ``locator`` is visible.</doc>
<status status="FAIL" start="2026-03-17T15:13:36.920729" elapsed="5.512469">Element 'xpath=//div[contains(@class,'modal-overlay')]//button[contains(.,'ยืนยัน')]' not visible after 5 seconds.</status>
</kw>
<msg time="2026-03-17T15:13:42.433198" level="INFO">${has_confirm} = False</msg>
<var>${has_confirm}</var>
<arg>Wait Until Element Is Visible</arg>
<arg>xpath=//div[contains(@class,'modal-overlay')]//button[contains(.,'ยืนยัน')]</arg>
<arg>5s</arg>
<doc>Runs the specified keyword and returns the status as a Boolean value.</doc>
<status status="PASS" start="2026-03-17T15:13:36.918592" elapsed="5.514606"/>
</kw>
<if>
<branch type="IF" condition="${has_confirm}">
<kw name="Click Button" owner="SeleniumLibrary">
<arg>xpath=//div[contains(@class,'modal-overlay')]//button[contains(.,'ยืนยัน')]</arg>
<doc>Clicks the button identified by ``locator``.</doc>
<status status="NOT RUN" start="2026-03-17T15:13:42.433198" elapsed="0.000000"/>
</kw>
<status status="NOT RUN" start="2026-03-17T15:13:42.433198" elapsed="0.000000"/>
</branch>
<branch type="ELSE">
<kw name="Run Keyword And Return Status" owner="BuiltIn">
<kw name="Wait Until Element Is Visible" owner="SeleniumLibrary">
<arg>xpath=//div[contains(@class,'modal-overlay')]//button[.//*[name()='path' and contains(@d,'M15 19l-7-7 7-7')]]</arg>
<arg>2s</arg>
<doc>Waits until the element ``locator`` is visible.</doc>
<status status="PASS" start="2026-03-17T15:13:42.437394" elapsed="0.465813"/>
</kw>
<msg time="2026-03-17T15:13:42.903207" level="INFO">${has_back} = True</msg>
<var>${has_back}</var>
<arg>Wait Until Element Is Visible</arg>
<arg>xpath=//div[contains(@class,'modal-overlay')]//button[.//*[name()='path' and contains(@d,'M15 19l-7-7 7-7')]]</arg>
<arg>2s</arg>
<doc>Runs the specified keyword and returns the status as a Boolean value.</doc>
<status status="PASS" start="2026-03-17T15:13:42.433198" elapsed="0.470009"/>
</kw>
<if>
<branch type="IF" condition="${has_back}">
<kw name="Click Element" owner="SeleniumLibrary">
<msg time="2026-03-17T15:13:42.906018" level="INFO">Clicking element 'xpath=//div[contains(@class,'modal-overlay')]//button[.//*[name()='path' and contains(@d,'M15 19l-7-7 7-7')]]'.</msg>
<arg>xpath=//div[contains(@class,'modal-overlay')]//button[.//*[name()='path' and contains(@d,'M15 19l-7-7 7-7')]]</arg>
<doc>Click the element identified by ``locator``.</doc>
<status status="PASS" start="2026-03-17T15:13:42.906018" elapsed="0.503074"/>
</kw>
<status status="PASS" start="2026-03-17T15:13:42.903207" elapsed="0.506818"/>
</branch>
<status status="PASS" start="2026-03-17T15:13:42.903207" elapsed="0.506818"/>
</if>
<kw name="Run Keyword And Ignore Error" owner="BuiltIn">
<kw name="Click Button" owner="SeleniumLibrary">
<msg time="2026-03-17T15:13:43.413189" level="INFO">Clicking button 'xpath=//div[contains(@class,'modal-overlay')]//button[contains(.,'ปิด')]'.</msg>
<arg>xpath=//div[contains(@class,'modal-overlay')]//button[contains(.,'ปิด')]</arg>
<doc>Clicks the button identified by ``locator``.</doc>
<status status="PASS" start="2026-03-17T15:13:43.413189" elapsed="1.172373"/>
</kw>
<arg>Click Button</arg>
<arg>xpath=//div[contains(@class,'modal-overlay')]//button[contains(.,'ปิด')]</arg>
<doc>Runs the given keyword with the given arguments and ignores possible error.</doc>
<status status="PASS" start="2026-03-17T15:13:43.410025" elapsed="1.175537"/>
</kw>
<status status="PASS" start="2026-03-17T15:13:42.433198" elapsed="2.152946"/>
</branch>
<status status="PASS" start="2026-03-17T15:13:42.433198" elapsed="2.152946"/>
</if>
<kw name="Run Keyword And Ignore Error" owner="BuiltIn">
<kw name="Click Element At Coordinates" owner="SeleniumLibrary">
<msg time="2026-03-17T15:13:44.586144" level="INFO">Clicking element 'xpath=//div[contains(@class,'modal-overlay')]' at coordinates x=5, y=5.</msg>
<msg time="2026-03-17T15:13:45.186121" level="INFO" html="true">&lt;/td&gt;&lt;/tr&gt;&lt;tr&gt;&lt;td colspan="3"&gt;&lt;a href="selenium-screenshot-2.png"&gt;&lt;img src="selenium-screenshot-2.png" width="800px"&gt;&lt;/a&gt;</msg>
<msg time="2026-03-17T15:13:45.186121" level="FAIL">StaleElementReferenceException: Message: stale element reference: stale element not found in the current frame
  (Session info: chrome=145.0.7632.160); For documentation on this error, please visit: https://www.selenium.dev/documentation/webdriver/troubleshooting/errors#staleelementreferenceexception
Stacktrace:
Symbols not available. Dumping unresolved backtrace:
	0x7ff75ccdaa55
	0x7ff75ca38630
	0x7ff75c7cd75d
	0x7ff75c7d56c1
	0x7ff75c7d87e4
	0x7ff75c7d88af
	0x7ff75c82fd24
	0x7ff75c82ef12
	0x7ff75c88102e
	0x7ff75c8519da
	0x7ff75c87591c
	0x7ff75c819098
	0x7ff75c819f83
	0x7ff75cd07810
	0x7ff75cd01afd
	0x7ff75cd22c1a
	0x7ff75ca53345
	0x7ff75ca5b81c
	0x7ff75ca41924
	0x7ff75ca41ad6
	0x7ff75ca27e47
	0x7ffcb589e8d7
	0x7ffcb72cc48c
</msg>
<arg>xpath=//div[contains(@class,'modal-overlay')]</arg>
<arg>5</arg>
<arg>5</arg>
<doc>Click the element ``locator`` at ``xoffset/yoffset``.</doc>
<status status="FAIL" start="2026-03-17T15:13:44.586144" elapsed="0.605973">StaleElementReferenceException: Message: stale element reference: stale element not found in the current frame
  (Session info: chrome=145.0.7632.160); For documentation on this error, please visit: https://www.selenium.dev/documentation/webdriver/troubleshooting/errors#staleelementreferenceexception
Stacktrace:
Symbols not available. Dumping unresolved backtrace:
	0x7ff75ccdaa55
	0x7ff75ca38630
	0x7ff75c7cd75d
	0x7ff75c7d56c1
	0x7ff75c7d87e4
	0x7ff75c7d88af
	0x7ff75c82fd24
	0x7ff75c82ef12
	0x7ff75c88102e
	0x7ff75c8519da
	0x7ff75c87591c
	0x7ff75c819098
	0x7ff75c819f83
	0x7ff75cd07810
	0x7ff75cd01afd
	0x7ff75cd22c1a
	0x7ff75ca53345
	0x7ff75ca5b81c
	0x7ff75ca41924
	0x7ff75ca41ad6
	0x7ff75ca27e47
	0x7ffcb589e8d7
	0x7ffcb72cc48c
</status>
</kw>
<arg>Click Element At Coordinates</arg>
<arg>xpath=//div[contains(@class,'modal-overlay')]</arg>
<arg>5</arg>
<arg>5</arg>
<doc>Runs the given keyword with the given arguments and ignores possible error.</doc>
<status status="PASS" start="2026-03-17T15:13:44.586144" elapsed="0.606972"/>
</kw>
<kw name="Run Keyword And Ignore Error" owner="BuiltIn">
<kw name="Wait Until Element Is Not Visible" owner="SeleniumLibrary">
<arg>xpath=//div[contains(@class,'modal-overlay')]</arg>
<arg>8s</arg>
<doc>Waits until the element ``locator`` is not visible.</doc>
<status status="PASS" start="2026-03-17T15:13:45.195116" elapsed="0.214926"/>
</kw>
<arg>Wait Until Element Is Not Visible</arg>
<arg>xpath=//div[contains(@class,'modal-overlay')]</arg>
<arg>8s</arg>
<doc>Runs the given keyword with the given arguments and ignores possible error.</doc>
<status status="PASS" start="2026-03-17T15:13:45.194117" elapsed="0.215925"/>
</kw>
<kw name="Sleep" owner="BuiltIn">
<msg time="2026-03-17T15:13:46.414603" level="INFO">Slept 1 second.</msg>
<arg>1s</arg>
<doc>Pauses the test executed for the given time.</doc>
<status status="PASS" start="2026-03-17T15:13:45.410042" elapsed="1.004561"/>
</kw>
<kw name="Go To" owner="SeleniumLibrary">
<msg time="2026-03-17T15:13:46.416774" level="INFO">Opening url 'https://csse4569.cpkku.com/createTrip'</msg>
<arg>${URL}createTrip</arg>
<doc>Navigates the current browser window to the provided ``url``.</doc>
<status status="PASS" start="2026-03-17T15:13:46.414603" elapsed="0.297891"/>
</kw>
<kw name="Wait Until Element Is Visible" owner="SeleniumLibrary">
<arg>id=startPoint</arg>
<arg>12s</arg>
<doc>Waits until the element ``locator`` is visible.</doc>
<status status="PASS" start="2026-03-17T15:13:46.713317" elapsed="0.440285"/>
</kw>
<kw name="Wait Until Element Is Visible" owner="SeleniumLibrary">
<arg>id=travelDate</arg>
<arg>12s</arg>
<doc>Waits until the element ``locator`` is visible.</doc>
<status status="PASS" start="2026-03-17T15:13:47.153602" elapsed="0.431794"/>
</kw>
<kw name="Run Keyword And Return Status" owner="BuiltIn">
<kw name="Wait Until Element Is Visible" owner="SeleniumLibrary">
<arg>id=vehicle</arg>
<arg>5s</arg>
<doc>Waits until the element ``locator`` is visible.</doc>
<status status="PASS" start="2026-03-17T15:13:47.587411" elapsed="0.429544"/>
</kw>
<msg time="2026-03-17T15:13:48.017664" level="INFO">${has_vehicle_select} = True</msg>
<var>${has_vehicle_select}</var>
<arg>Wait Until Element Is Visible</arg>
<arg>id=vehicle</arg>
<arg>5s</arg>
<doc>Runs the specified keyword and returns the status as a Boolean value.</doc>
<status status="PASS" start="2026-03-17T15:13:47.587411" elapsed="0.430253"/>
</kw>
<kw name="Run Keyword If" owner="BuiltIn">
<kw name="Select From List By Index" owner="SeleniumLibrary">
<msg time="2026-03-17T15:13:48.017664" level="INFO">Selecting options from selection list 'id=vehicle' by index 1.</msg>
<arg>id=vehicle</arg>
<arg>1</arg>
<doc>Selects options from selection list ``locator`` by ``indexes``.</doc>
<status status="PASS" start="2026-03-17T15:13:48.017664" elapsed="1.727443"/>
</kw>
<arg>${has_vehicle_select}</arg>
<arg>Select From List By Index</arg>
<arg>id=vehicle</arg>
<arg>1</arg>
<doc>Runs the given keyword with the given arguments, if ``condition`` is true.</doc>
<status status="PASS" start="2026-03-17T15:13:48.017664" elapsed="1.727443"/>
</kw>
<kw name="Clear Element Text" owner="SeleniumLibrary">
<arg>id=startPoint</arg>
<doc>Clears the value of the text-input-element identified by ``locator``.</doc>
<status status="PASS" start="2026-03-17T15:13:49.745107" elapsed="0.460743"/>
</kw>
<kw name="Input Text" owner="SeleniumLibrary">
<msg time="2026-03-17T15:13:50.207052" level="INFO">Typing text 'ขอนแก่น' into text field 'id=startPoint'.</msg>
<arg>id=startPoint</arg>
<arg>ขอนแก่น</arg>
<doc>Types the given ``text`` into the text field identified by ``locator``.</doc>
<status status="PASS" start="2026-03-17T15:13:50.207052" elapsed="0.738766"/>
</kw>
<kw name="Run Keyword And Ignore Error" owner="BuiltIn">
<kw name="Wait Until Element Is Visible" owner="SeleniumLibrary">
<arg>xpath=(//div[contains(@class,'pac-item')])[1]</arg>
<arg>3s</arg>
<doc>Waits until the element ``locator`` is visible.</doc>
<status status="PASS" start="2026-03-17T15:13:50.945818" elapsed="0.867044"/>
</kw>
<arg>Wait Until Element Is Visible</arg>
<arg>xpath=(//div[contains(@class,'pac-item')])[1]</arg>
<arg>3s</arg>
<doc>Runs the given keyword with the given arguments and ignores possible error.</doc>
<status status="PASS" start="2026-03-17T15:13:50.945818" elapsed="0.868224"/>
</kw>
<kw name="Run Keyword And Ignore Error" owner="BuiltIn">
<kw name="Click Element" owner="SeleniumLibrary">
<msg time="2026-03-17T15:13:51.818214" level="INFO">Clicking element 'xpath=(//div[contains(@class,'pac-item')])[1]'.</msg>
<arg>xpath=(//div[contains(@class,'pac-item')])[1]</arg>
<doc>Click the element identified by ``locator``.</doc>
<status status="PASS" start="2026-03-17T15:13:51.814473" elapsed="0.478717"/>
</kw>
<arg>Click Element</arg>
<arg>xpath=(//div[contains(@class,'pac-item')])[1]</arg>
<doc>Runs the given keyword with the given arguments and ignores possible error.</doc>
<status status="PASS" start="2026-03-17T15:13:51.814473" elapsed="0.478717"/>
</kw>
<kw name="Press Keys" owner="SeleniumLibrary">
<msg time="2026-03-17T15:13:52.293190" level="INFO">Sending key(s) ('TAB',) to id=startPoint element.</msg>
<msg time="2026-03-17T15:13:53.010715" level="INFO">Pressing special key TAB to element.</msg>
<msg time="2026-03-17T15:13:53.010715" level="INFO">Releasing special key TAB.</msg>
<arg>id=startPoint</arg>
<arg>TAB</arg>
<doc>Simulates the user pressing key(s) to an element or on the active browser.</doc>
<status status="PASS" start="2026-03-17T15:13:52.293190" elapsed="0.934953"/>
</kw>
<kw name="Clear Element Text" owner="SeleniumLibrary">
<arg>id=endPoint</arg>
<doc>Clears the value of the text-input-element identified by ``locator``.</doc>
<status status="PASS" start="2026-03-17T15:13:53.228143" elapsed="0.479245"/>
</kw>
<kw name="Input Text" owner="SeleniumLibrary">
<msg time="2026-03-17T15:13:53.707388" level="INFO">Typing text 'โคราช' into text field 'id=endPoint'.</msg>
<arg>id=endPoint</arg>
<arg>โคราช</arg>
<doc>Types the given ``text`` into the text field identified by ``locator``.</doc>
<status status="PASS" start="2026-03-17T15:13:53.707388" elapsed="0.688201"/>
</kw>
<kw name="Run Keyword And Ignore Error" owner="BuiltIn">
<kw name="Wait Until Element Is Visible" owner="SeleniumLibrary">
<arg>xpath=(//div[contains(@class,'pac-item')])[1]</arg>
<arg>3s</arg>
<doc>Waits until the element ``locator`` is visible.</doc>
<status status="PASS" start="2026-03-17T15:13:54.397590" elapsed="0.435569"/>
</kw>
<arg>Wait Until Element Is Visible</arg>
<arg>xpath=(//div[contains(@class,'pac-item')])[1]</arg>
<arg>3s</arg>
<doc>Runs the given keyword with the given arguments and ignores possible error.</doc>
<status status="PASS" start="2026-03-17T15:13:54.396593" elapsed="0.436566"/>
</kw>
<kw name="Run Keyword And Ignore Error" owner="BuiltIn">
<kw name="Click Element" owner="SeleniumLibrary">
<msg time="2026-03-17T15:13:54.833159" level="INFO">Clicking element 'xpath=(//div[contains(@class,'pac-item')])[1]'.</msg>
<arg>xpath=(//div[contains(@class,'pac-item')])[1]</arg>
<doc>Click the element identified by ``locator``.</doc>
<status status="PASS" start="2026-03-17T15:13:54.833159" elapsed="0.512894"/>
</kw>
<arg>Click Element</arg>
<arg>xpath=(//div[contains(@class,'pac-item')])[1]</arg>
<doc>Runs the given keyword with the given arguments and ignores possible error.</doc>
<status status="PASS" start="2026-03-17T15:13:54.833159" elapsed="0.512894"/>
</kw>
<kw name="Press Keys" owner="SeleniumLibrary">
<msg time="2026-03-17T15:13:55.346053" level="INFO">Sending key(s) ('TAB',) to id=endPoint element.</msg>
<msg time="2026-03-17T15:13:56.062282" level="INFO">Pressing special key TAB to element.</msg>
<msg time="2026-03-17T15:13:56.062282" level="INFO">Releasing special key TAB.</msg>
<arg>id=endPoint</arg>
<arg>TAB</arg>
<doc>Simulates the user pressing key(s) to an element or on the active browser.</doc>
<status status="PASS" start="2026-03-17T15:13:55.346053" elapsed="0.933857"/>
</kw>
<kw name="Click Element" owner="SeleniumLibrary">
<msg time="2026-03-17T15:13:56.279910" level="INFO">Clicking element 'xpath=//form[@id='postRouteForm']//button[@type='button' and contains(.,'เพิ่มจุดแวะ')]'.</msg>
<arg>xpath=//form[@id='postRouteForm']//button[@type='button' and contains(.,'เพิ่มจุดแวะ')]</arg>
<doc>Click the element identified by ``locator``.</doc>
<status status="PASS" start="2026-03-17T15:13:56.279910" elapsed="0.513996"/>
</kw>
<kw name="Input Text" owner="SeleniumLibrary">
<msg time="2026-03-17T15:13:56.794596" level="INFO">Typing text 'ชัยภูมิ' into text field 'xpath=//form[@id='postRouteForm']//input[contains(@placeholder,'(#1)')]'.</msg>
<arg>xpath=//form[@id='postRouteForm']//input[contains(@placeholder,'(#1)')]</arg>
<arg>ชัยภูมิ</arg>
<doc>Types the given ``text`` into the text field identified by ``locator``.</doc>
<status status="PASS" start="2026-03-17T15:13:56.794596" elapsed="0.718177"/>
</kw>
<kw name="Run Keyword And Ignore Error" owner="BuiltIn">
<kw name="Wait Until Element Is Visible" owner="SeleniumLibrary">
<arg>xpath=(//div[contains(@class,'pac-item')])[1]</arg>
<arg>3s</arg>
<doc>Waits until the element ``locator`` is visible.</doc>
<status status="PASS" start="2026-03-17T15:13:57.515992" elapsed="0.419091"/>
</kw>
<arg>Wait Until Element Is Visible</arg>
<arg>xpath=(//div[contains(@class,'pac-item')])[1]</arg>
<arg>3s</arg>
<doc>Runs the given keyword with the given arguments and ignores possible error.</doc>
<status status="PASS" start="2026-03-17T15:13:57.512773" elapsed="0.422310"/>
</kw>
<kw name="Run Keyword And Ignore Error" owner="BuiltIn">
<kw name="Click Element" owner="SeleniumLibrary">
<msg time="2026-03-17T15:13:57.937102" level="INFO">Clicking element 'xpath=(//div[contains(@class,'pac-item')])[1]'.</msg>
<arg>xpath=(//div[contains(@class,'pac-item')])[1]</arg>
<doc>Click the element identified by ``locator``.</doc>
<status status="PASS" start="2026-03-17T15:13:57.937102" elapsed="0.474358"/>
</kw>
<arg>Click Element</arg>
<arg>xpath=(//div[contains(@class,'pac-item')])[1]</arg>
<doc>Runs the given keyword with the given arguments and ignores possible error.</doc>
<status status="PASS" start="2026-03-17T15:13:57.935083" elapsed="0.476377"/>
</kw>
<kw name="Click Element" owner="SeleniumLibrary">
<msg time="2026-03-17T15:13:58.411460" level="INFO">Clicking element 'xpath=//form[@id='postRouteForm']//button[@type='button' and contains(.,'เพิ่มจุดแวะ')]'.</msg>
<arg>xpath=//form[@id='postRouteForm']//button[@type='button' and contains(.,'เพิ่มจุดแวะ')]</arg>
<doc>Click the element identified by ``locator``.</doc>
<status status="PASS" start="2026-03-17T15:13:58.411460" elapsed="0.483020"/>
</kw>
<kw name="Input Text" owner="SeleniumLibrary">
<msg time="2026-03-17T15:13:58.894480" level="INFO">Typing text 'นครราชสีมา' into text field 'xpath=//form[@id='postRouteForm']//input[contains(@placeholder,'(#2)')]'.</msg>
<arg>xpath=//form[@id='postRouteForm']//input[contains(@placeholder,'(#2)')]</arg>
<arg>นครราชสีมา</arg>
<doc>Types the given ``text`` into the text field identified by ``locator``.</doc>
<status status="PASS" start="2026-03-17T15:13:58.894480" elapsed="0.740114"/>
</kw>
<kw name="Run Keyword And Ignore Error" owner="BuiltIn">
<kw name="Wait Until Element Is Visible" owner="SeleniumLibrary">
<arg>xpath=(//div[contains(@class,'pac-item')])[1]</arg>
<arg>3s</arg>
<doc>Waits until the element ``locator`` is visible.</doc>
<status status="PASS" start="2026-03-17T15:13:59.636119" elapsed="0.430273"/>
</kw>
<arg>Wait Until Element Is Visible</arg>
<arg>xpath=(//div[contains(@class,'pac-item')])[1]</arg>
<arg>3s</arg>
<doc>Runs the given keyword with the given arguments and ignores possible error.</doc>
<status status="PASS" start="2026-03-17T15:13:59.636119" elapsed="0.430273"/>
</kw>
<kw name="Run Keyword And Ignore Error" owner="BuiltIn">
<kw name="Click Element" owner="SeleniumLibrary">
<msg time="2026-03-17T15:14:00.066392" level="INFO">Clicking element 'xpath=(//div[contains(@class,'pac-item')])[1]'.</msg>
<arg>xpath=(//div[contains(@class,'pac-item')])[1]</arg>
<doc>Click the element identified by ``locator``.</doc>
<status status="PASS" start="2026-03-17T15:14:00.066392" elapsed="0.479386"/>
</kw>
<arg>Click Element</arg>
<arg>xpath=(//div[contains(@class,'pac-item')])[1]</arg>
<doc>Runs the given keyword with the given arguments and ignores possible error.</doc>
<status status="PASS" start="2026-03-17T15:14:00.066392" elapsed="0.479386"/>
</kw>
<kw name="Run Keyword And Ignore Error" owner="BuiltIn">
<kw name="Input Text" owner="SeleniumLibrary">
<msg time="2026-03-17T15:14:00.545778" level="INFO">Typing text '10/12/2026' into text field 'id=travelDate'.</msg>
<arg>id=travelDate</arg>
<arg>${TRIP_DATE_UI}</arg>
<doc>Types the given ``text`` into the text field identified by ``locator``.</doc>
<status status="PASS" start="2026-03-17T15:14:00.545778" elapsed="0.699083"/>
</kw>
<msg time="2026-03-17T15:14:01.244861" level="INFO">${date_status_2} = PASS</msg>
<msg time="2026-03-17T15:14:01.244861" level="INFO">${date_msg_2} = None</msg>
<var>${date_status_2}</var>
<var>${date_msg_2}</var>
<arg>Input Text</arg>
<arg>id=travelDate</arg>
<arg>${TRIP_DATE_UI}</arg>
<doc>Runs the given keyword with the given arguments and ignores possible error.</doc>
<status status="PASS" start="2026-03-17T15:14:00.545778" elapsed="0.699083"/>
</kw>
<kw name="Run Keyword If" owner="BuiltIn">
<arg>'${date_status_2}'=='FAIL'</arg>
<arg>Input Text</arg>
<arg>id=travelDate</arg>
<arg>${TRIP_DATE_ISO}</arg>
<doc>Runs the given keyword with the given arguments, if ``condition`` is true.</doc>
<status status="PASS" start="2026-03-17T15:14:01.244861" elapsed="0.000000"/>
</kw>
<kw name="Input Text" owner="SeleniumLibrary">
<msg time="2026-03-17T15:14:01.249189" level="INFO">Typing text '17:00' into text field 'id=travelTime'.</msg>
<arg>id=travelTime</arg>
<arg>17:00</arg>
<doc>Types the given ``text`` into the text field identified by ``locator``.</doc>
<status status="PASS" start="2026-03-17T15:14:01.249189" elapsed="0.763435"/>
</kw>
<kw name="Input Text" owner="SeleniumLibrary">
<msg time="2026-03-17T15:14:02.012624" level="INFO">Typing text '4' into text field 'id=seatCount'.</msg>
<arg>id=seatCount</arg>
<arg>4</arg>
<doc>Types the given ``text`` into the text field identified by ``locator``.</doc>
<status status="PASS" start="2026-03-17T15:14:02.012624" elapsed="0.717850"/>
</kw>
<kw name="Input Text" owner="SeleniumLibrary">
<msg time="2026-03-17T15:14:02.730474" level="INFO">Typing text '250' into text field 'id=pricePerSeat'.</msg>
<arg>id=pricePerSeat</arg>
<arg>250</arg>
<doc>Types the given ``text`` into the text field identified by ``locator``.</doc>
<status status="PASS" start="2026-03-17T15:14:02.730474" elapsed="0.729834"/>
</kw>
<kw name="Run Keyword And Ignore Error" owner="BuiltIn">
<kw name="Input Text" owner="SeleniumLibrary">
<msg time="2026-03-17T15:14:03.460308" level="INFO">Typing text 'ห้ามสูบบุหรี่, ห้ามนำสัตว์เลี้ยงขึ้นมา' into text field 'id=terms'.</msg>
<arg>id=terms</arg>
<arg>ห้ามสูบบุหรี่, ห้ามนำสัตว์เลี้ยงขึ้นมา</arg>
<doc>Types the given ``text`` into the text field identified by ``locator``.</doc>
<status status="PASS" start="2026-03-17T15:14:03.460308" elapsed="0.784215"/>
</kw>
<arg>Input Text</arg>
<arg>id=terms</arg>
<arg>ห้ามสูบบุหรี่, ห้ามนำสัตว์เลี้ยงขึ้นมา</arg>
<doc>Runs the given keyword with the given arguments and ignores possible error.</doc>
<status status="PASS" start="2026-03-17T15:14:03.460308" elapsed="0.784215"/>
</kw>
<kw name="Wait Until Element Is Visible" owner="SeleniumLibrary">
<arg>xpath=//form[@id='postRouteForm']//button[@type='submit']</arg>
<arg>12s</arg>
<doc>Waits until the element ``locator`` is visible.</doc>
<status status="PASS" start="2026-03-17T15:14:04.244523" elapsed="0.470742"/>
</kw>
<kw name="Get WebElement" owner="SeleniumLibrary">
<msg time="2026-03-17T15:14:04.935649" level="INFO">${submit_btn} = &lt;selenium.webdriver.remote.webelement.WebElement (session="e5cc791a9f8069e8348b66830d4af18c", element="f.86FC9C218A63E66B0C9A3B889805397A.d.55E9F05F28B93925C17063AF1ACEF1AD.e.191")&gt;</msg>
<var>${submit_btn}</var>
<arg>xpath=//form[@id='postRouteForm']//button[@type='submit']</arg>
<doc>Returns the first WebElement matching the given ``locator``.</doc>
<status status="PASS" start="2026-03-17T15:14:04.715265" elapsed="0.220384"/>
</kw>
<kw name="Execute Javascript" owner="SeleniumLibrary">
<msg time="2026-03-17T15:14:04.935649" level="INFO">Executing JavaScript:
arguments[0].scrollIntoView({block: 'center'});
By using argument:
'&lt;selenium.webdriver.remote.webelement.WebElement (session="e5cc791a9f8069e8348b66830d4af18c", element="f.86FC9C218A63E66B0C9A3B889805397A.d.55E9F05F28B93925C17063AF1ACEF1AD.e.191")&gt;'</msg>
<arg>arguments[0].scrollIntoView({block: 'center'});</arg>
<arg>ARGUMENTS</arg>
<arg>${submit_btn}</arg>
<doc>Executes the given JavaScript code with possible arguments.</doc>
<status status="PASS" start="2026-03-17T15:14:04.935649" elapsed="0.232679"/>
</kw>
<kw name="Execute Javascript" owner="SeleniumLibrary">
<msg time="2026-03-17T15:14:05.168328" level="INFO">Executing JavaScript:
arguments[0].click();
By using argument:
'&lt;selenium.webdriver.remote.webelement.WebElement (session="e5cc791a9f8069e8348b66830d4af18c", element="f.86FC9C218A63E66B0C9A3B889805397A.d.55E9F05F28B93925C17063AF1ACEF1AD.e.191")&gt;'</msg>
<arg>arguments[0].click();</arg>
<arg>ARGUMENTS</arg>
<arg>${submit_btn}</arg>
<doc>Executes the given JavaScript code with possible arguments.</doc>
<status status="PASS" start="2026-03-17T15:14:05.168328" elapsed="0.226850"/>
</kw>
<kw name="Run Keyword And Return Status" owner="BuiltIn">
<kw name="Wait Until Page Contains" owner="SeleniumLibrary">
<arg>สำเร็จ</arg>
<arg>15s</arg>
<doc>Waits until ``text`` appears on the current page.</doc>
<status status="PASS" start="2026-03-17T15:14:05.395178" elapsed="0.680538"/>
</kw>
<msg time="2026-03-17T15:14:06.075716" level="INFO">${success_toast} = True</msg>
<var>${success_toast}</var>
<arg>Wait Until Page Contains</arg>
<arg>สำเร็จ</arg>
<arg>15s</arg>
<doc>Runs the specified keyword and returns the status as a Boolean value.</doc>
<status status="PASS" start="2026-03-17T15:14:05.395178" elapsed="0.680538"/>
</kw>
<kw name="Run Keyword And Return Status" owner="BuiltIn">
<kw name="Wait Until Location Contains" owner="SeleniumLibrary">
<arg>/findTrip</arg>
<arg>15s</arg>
<doc>Waits until the current URL contains ``expected``.</doc>
<status status="PASS" start="2026-03-17T15:14:06.075716" elapsed="1.459463"/>
</kw>
<msg time="2026-03-17T15:14:07.535179" level="INFO">${redirected} = True</msg>
<var>${redirected}</var>
<arg>Wait Until Location Contains</arg>
<arg>/findTrip</arg>
<arg>15s</arg>
<doc>Runs the specified keyword and returns the status as a Boolean value.</doc>
<status status="PASS" start="2026-03-17T15:14:06.075716" elapsed="1.459463"/>
</kw>
<if>
<branch type="IF" condition="not ${success_toast} and not ${redirected}">
<kw name="Fail" owner="BuiltIn">
<arg>ไม่พบข้อความสำเร็จและไม่ redirect ไป /findTrip</arg>
<doc>Fails the test with the given message and optionally alters its tags.</doc>
<status status="NOT RUN" start="2026-03-17T15:14:07.537252" elapsed="0.000000"/>
</kw>
<status status="NOT RUN" start="2026-03-17T15:14:07.536255" elapsed="0.000997"/>
</branch>
<status status="PASS" start="2026-03-17T15:14:07.536255" elapsed="0.000997"/>
</if>
<kw name="Capture Page Screenshot" owner="SeleniumLibrary">
<msg time="2026-03-17T15:14:07.902166" level="INFO" html="true">&lt;/td&gt;&lt;/tr&gt;&lt;tr&gt;&lt;td colspan="3"&gt;&lt;a href="selenium-screenshot-3.png"&gt;&lt;img src="selenium-screenshot-3.png" width="800px"&gt;&lt;/a&gt;</msg>
<doc>Takes a screenshot of the current page and embeds it into a log file.</doc>
<status status="PASS" start="2026-03-17T15:14:07.537252" elapsed="0.364914"/>
</kw>
<kw name="Close All Browsers" owner="SeleniumLibrary" type="TEARDOWN">
<doc>Closes all open browsers and resets the browser cache.</doc>
<status status="PASS" start="2026-03-17T15:14:07.902166" elapsed="2.648544"/>
</kw>
<status status="PASS" start="2026-03-17T15:13:01.731724" elapsed="68.818986"/>
</test>
<kw name="Close All Browsers" owner="SeleniumLibrary" type="TEARDOWN">
<doc>Closes all open browsers and resets the browser cache.</doc>
<status status="PASS" start="2026-03-17T15:14:10.550710" elapsed="0.000000"/>
</kw>
<status status="PASS" start="2026-03-17T15:13:01.553164" elapsed="68.997546"/>
</suite>
<statistics>
<total>
<stat pass="1" fail="0" skip="0">All Tests</stat>
</total>
<tag>
</tag>
<suite>
<stat name="Test TC3" id="s1" pass="1" fail="0" skip="0">Test TC3</stat>
</suite>
</statistics>
<errors>
</errors>
</robot>
